2022-09-29 09:58:45.570  INFO 4884 --- [restartedMain] com.cczj.blog.BlogApplication            : Starting BlogApplication using Java 11.0.2 on LAPTOP-RD663NNS with PID 4884 (C:\Users\18446\IdeaProjects\blog\target\classes started by www in C:\Users\18446\IdeaProjects\blog)
2022-09-29 09:58:45.574 DEBUG 4884 --- [restartedMain] com.cczj.blog.BlogApplication            : Running with Spring Boot v2.7.4, Spring v5.3.23
2022-09-29 09:58:45.574  INFO 4884 --- [restartedMain] com.cczj.blog.BlogApplication            : No active profile set, falling back to 1 default profile: "default"
2022-09-29 09:58:45.612  INFO 4884 --- [restartedMain] .e.DevToolsPropertyDefaultsPostProcessor : Devtools property defaults active! Set 'spring.devtools.add-properties' to 'false' to disable
2022-09-29 09:58:45.613  INFO 4884 --- [restartedMain] .e.DevToolsPropertyDefaultsPostProcessor : For additional web related logging consider setting the 'logging.level.web' property to 'DEBUG'
2022-09-29 09:58:46.272  INFO 4884 --- [restartedMain] .s.d.r.c.RepositoryConfigurationDelegate : Bootstrapping Spring Data JPA repositories in DEFAULT mode.
2022-09-29 09:58:46.323  INFO 4884 --- [restartedMain] .s.d.r.c.RepositoryConfigurationDelegate : Finished Spring Data repository scanning in 43 ms. Found 5 JPA repository interfaces.
2022-09-29 09:58:46.880  INFO 4884 --- [restartedMain] o.s.b.w.embedded.tomcat.TomcatWebServer  : Tomcat initialized with port(s): 80 (http)
2022-09-29 09:58:46.888  INFO 4884 --- [restartedMain] o.apache.catalina.core.StandardService   : Starting service [Tomcat]
2022-09-29 09:58:46.888  INFO 4884 --- [restartedMain] org.apache.catalina.core.StandardEngine  : Starting Servlet engine: [Apache Tomcat/9.0.65]
2022-09-29 09:58:46.944  INFO 4884 --- [restartedMain] o.a.c.c.C.[Tomcat].[localhost].[/]       : Initializing Spring embedded WebApplicationContext
2022-09-29 09:58:46.944  INFO 4884 --- [restartedMain] w.s.c.ServletWebServerApplicationContext : Root WebApplicationContext: initialization completed in 1330 ms
2022-09-29 09:58:47.086  INFO 4884 --- [restartedMain] o.hibernate.jpa.internal.util.LogHelper  : HHH000204: Processing PersistenceUnitInfo [name: default]
2022-09-29 09:58:47.122  INFO 4884 --- [restartedMain] org.hibernate.Version                    : HHH000412: Hibernate ORM core version 5.6.11.Final
2022-09-29 09:58:47.221  INFO 4884 --- [restartedMain] o.hibernate.annotations.common.Version   : HCANN000001: Hibernate Commons Annotations {5.1.2.Final}
2022-09-29 09:58:47.295  INFO 4884 --- [restartedMain] com.zaxxer.hikari.HikariDataSource       : HikariPool-1 - Starting...
2022-09-29 09:58:47.853  INFO 4884 --- [restartedMain] com.zaxxer.hikari.HikariDataSource       : HikariPool-1 - Start completed.
2022-09-29 09:58:47.868  INFO 4884 --- [restartedMain] org.hibernate.dialect.Dialect            : HHH000400: Using dialect: org.hibernate.dialect.MySQL8Dialect
2022-09-29 09:58:48.893  INFO 4884 --- [restartedMain] o.h.e.t.j.p.i.JtaPlatformInitiator       : HHH000490: Using JtaPlatform implementation: [org.hibernate.engine.transaction.jta.platform.internal.NoJtaPlatform]
2022-09-29 09:58:48.898  INFO 4884 --- [restartedMain] j.LocalContainerEntityManagerFactoryBean : Initialized JPA EntityManagerFactory for persistence unit 'default'
2022-09-29 09:58:49.499  WARN 4884 --- [restartedMain] JpaBaseConfiguration$JpaWebConfiguration : spring.jpa.open-in-view is enabled by default. Therefore, database queries may be performed during view rendering. Explicitly configure spring.jpa.open-in-view to disable this warning
2022-09-29 09:58:49.648  INFO 4884 --- [restartedMain] o.s.b.a.w.s.WelcomePageHandlerMapping    : Adding welcome page template: index
2022-09-29 09:58:49.924  INFO 4884 --- [restartedMain] o.s.b.d.a.OptionalLiveReloadServer       : LiveReload server is running on port 35729
2022-09-29 09:58:49.957  INFO 4884 --- [restartedMain] o.s.b.w.embedded.tomcat.TomcatWebServer  : Tomcat started on port(s): 80 (http) with context path ''
2022-09-29 09:58:49.965  INFO 4884 --- [restartedMain] com.cczj.blog.BlogApplication            : Started BlogApplication in 4.734 seconds (JVM running for 5.602)
2022-09-29 09:59:23.768  INFO 4884 --- [http-nio-80-exec-1] o.a.c.c.C.[Tomcat].[localhost].[/]       : Initializing Spring DispatcherServlet 'dispatcherServlet'
2022-09-29 09:59:23.768  INFO 4884 --- [http-nio-80-exec-1] o.s.web.servlet.DispatcherServlet        : Initializing Servlet 'dispatcherServlet'
2022-09-29 09:59:23.769  INFO 4884 --- [http-nio-80-exec-1] o.s.web.servlet.DispatcherServlet        : Completed initialization in 1 ms
2022-09-29 09:59:24.013  WARN 4884 --- [http-nio-80-exec-1] o.a.c.util.SessionIdGeneratorBase        : Creation of SecureRandom instance for session ID generation using [SHA1PRNG] took [222] milliseconds.
2022-09-29 09:59:24.019  INFO 4884 --- [http-nio-80-exec-1] com.cczj.blog.aspect.LogAspects          : Request : {url='http://localhost/', ip='0:0:0:0:0:0:0:1', classMethod='com.cczj.blog.controller.IndexController.index', args=[Page request [number: 0, size 8, sort: updateTime: DESC], org.apache.catalina.session.StandardSessionFacade@4ac96bee, {}]}
2022-09-29 09:59:24.477  WARN 4884 --- [http-nio-80-exec-1] org.hibernate.orm.deprecation            : HHH90000016: Found use of deprecated 'collection property' syntax in HQL/JPQL query [t.blogs.size]; use collection function syntax instead [size(t.blogs)].
2022-09-29 09:59:24.619  WARN 4884 --- [http-nio-80-exec-1] org.hibernate.orm.deprecation            : HHH90000016: Found use of deprecated 'collection property' syntax in HQL/JPQL query [t.blogs.size]; use collection function syntax instead [size(t.blogs)].
2022-09-29 09:59:24.755  INFO 4884 --- [http-nio-80-exec-1] com.cczj.blog.aspect.LogAspects          : Result : index
2022-09-29 09:59:25.512  INFO 4884 --- [http-nio-80-exec-10] com.cczj.blog.aspect.LogAspects          : Request : {url='http://localhost/footer/newBlog', ip='0:0:0:0:0:0:0:1', classMethod='com.cczj.blog.controller.IndexController.newBlogs', args=[{}]}
2022-09-29 09:59:25.685  INFO 4884 --- [http-nio-80-exec-10] com.cczj.blog.aspect.LogAspects          : Result : commons :: newBlogList
2022-09-29 09:59:36.698  INFO 4884 --- [http-nio-80-exec-5] com.cczj.blog.aspect.LogAspects          : Request : {url='http://localhost/', ip='0:0:0:0:0:0:0:1', classMethod='com.cczj.blog.controller.IndexController.index', args=[Page request [number: 0, size 8, sort: updateTime: DESC], org.apache.catalina.session.StandardSessionFacade@4ac96bee, {}]}
2022-09-29 09:59:37.301  INFO 4884 --- [http-nio-80-exec-5] com.cczj.blog.aspect.LogAspects          : Result : index
2022-09-29 09:59:37.750  INFO 4884 --- [http-nio-80-exec-1] com.cczj.blog.aspect.LogAspects          : Request : {url='http://localhost/footer/newBlog', ip='0:0:0:0:0:0:0:1', classMethod='com.cczj.blog.controller.IndexController.newBlogs', args=[{}]}
2022-09-29 09:59:37.920  INFO 4884 --- [http-nio-80-exec-1] com.cczj.blog.aspect.LogAspects          : Result : commons :: newBlogList
2022-09-29 10:01:06.569  INFO 4884 --- [http-nio-80-exec-6] com.cczj.blog.aspect.LogAspects          : Request : {url='http://localhost/', ip='0:0:0:0:0:0:0:1', classMethod='com.cczj.blog.controller.IndexController.index', args=[Page request [number: 0, size 8, sort: updateTime: DESC], org.apache.catalina.session.StandardSessionFacade@4ac96bee, {}]}
2022-09-29 10:01:07.174  INFO 4884 --- [http-nio-80-exec-6] com.cczj.blog.aspect.LogAspects          : Result : index
2022-09-29 10:01:07.609  INFO 4884 --- [http-nio-80-exec-4] com.cczj.blog.aspect.LogAspects          : Request : {url='http://localhost/footer/newBlog', ip='0:0:0:0:0:0:0:1', classMethod='com.cczj.blog.controller.IndexController.newBlogs', args=[{}]}
2022-09-29 10:01:07.784  INFO 4884 --- [http-nio-80-exec-4] com.cczj.blog.aspect.LogAspects          : Result : commons :: newBlogList
2022-09-29 10:25:52.586  INFO 4884 --- [http-nio-80-exec-4] com.cczj.blog.aspect.LogAspects          : Request : {url='http://localhost/', ip='0:0:0:0:0:0:0:1', classMethod='com.cczj.blog.controller.IndexController.index', args=[Page request [number: 0, size 8, sort: updateTime: DESC], org.apache.catalina.session.StandardSessionFacade@4ac96bee, {}]}
2022-09-29 10:25:53.223  INFO 4884 --- [http-nio-80-exec-4] com.cczj.blog.aspect.LogAspects          : Result : index
2022-09-29 10:25:53.709  INFO 4884 --- [http-nio-80-exec-3] com.cczj.blog.aspect.LogAspects          : Request : {url='http://localhost/footer/newBlog', ip='0:0:0:0:0:0:0:1', classMethod='com.cczj.blog.controller.IndexController.newBlogs', args=[{}]}
2022-09-29 10:25:53.878  INFO 4884 --- [http-nio-80-exec-3] com.cczj.blog.aspect.LogAspects          : Result : commons :: newBlogList
2022-09-29 10:26:46.753  INFO 4884 --- [http-nio-80-exec-1] com.cczj.blog.aspect.LogAspects          : Request : {url='http://localhost/', ip='0:0:0:0:0:0:0:1', classMethod='com.cczj.blog.controller.IndexController.index', args=[Page request [number: 0, size 8, sort: updateTime: DESC], org.apache.catalina.session.StandardSessionFacade@4ac96bee, {}]}
2022-09-29 10:26:47.376  INFO 4884 --- [http-nio-80-exec-1] com.cczj.blog.aspect.LogAspects          : Result : index
2022-09-29 10:26:48.317  INFO 4884 --- [http-nio-80-exec-8] com.cczj.blog.aspect.LogAspects          : Request : {url='http://localhost/footer/newBlog', ip='0:0:0:0:0:0:0:1', classMethod='com.cczj.blog.controller.IndexController.newBlogs', args=[{}]}
2022-09-29 10:26:48.483  INFO 4884 --- [http-nio-80-exec-8] com.cczj.blog.aspect.LogAspects          : Result : commons :: newBlogList
2022-09-29 10:27:52.194  INFO 4884 --- [http-nio-80-exec-6] com.cczj.blog.aspect.LogAspects          : Request : {url='http://localhost/', ip='0:0:0:0:0:0:0:1', classMethod='com.cczj.blog.controller.IndexController.index', args=[Page request [number: 0, size 8, sort: updateTime: DESC], org.apache.catalina.session.StandardSessionFacade@4ac96bee, {}]}
2022-09-29 10:27:52.807  INFO 4884 --- [http-nio-80-exec-6] com.cczj.blog.aspect.LogAspects          : Result : index
2022-09-29 10:27:53.290  INFO 4884 --- [http-nio-80-exec-1] com.cczj.blog.aspect.LogAspects          : Request : {url='http://localhost/footer/newBlog', ip='0:0:0:0:0:0:0:1', classMethod='com.cczj.blog.controller.IndexController.newBlogs', args=[{}]}
2022-09-29 10:27:53.452  INFO 4884 --- [http-nio-80-exec-1] com.cczj.blog.aspect.LogAspects          : Result : commons :: newBlogList
2022-09-29 10:28:47.728  INFO 4884 --- [http-nio-80-exec-9] com.cczj.blog.aspect.LogAspects          : Request : {url='http://localhost/', ip='0:0:0:0:0:0:0:1', classMethod='com.cczj.blog.controller.IndexController.index', args=[Page request [number: 0, size 8, sort: updateTime: DESC], org.apache.catalina.session.StandardSessionFacade@4ac96bee, {}]}
2022-09-29 10:28:52.740  WARN 4884 --- [http-nio-80-exec-9] com.zaxxer.hikari.pool.PoolBase          : HikariPool-1 - Failed to validate connection com.mysql.cj.jdbc.ConnectionImpl@76f670cf (No operations allowed after connection closed.). Possibly consider using a shorter maxLifetime value.
2022-09-29 10:28:53.371  INFO 4884 --- [http-nio-80-exec-9] com.cczj.blog.aspect.LogAspects          : Result : index
2022-09-29 10:28:53.827  INFO 4884 --- [http-nio-80-exec-2] com.cczj.blog.aspect.LogAspects          : Request : {url='http://localhost/footer/newBlog', ip='0:0:0:0:0:0:0:1', classMethod='com.cczj.blog.controller.IndexController.newBlogs', args=[{}]}
2022-09-29 10:28:53.990  INFO 4884 --- [http-nio-80-exec-2] com.cczj.blog.aspect.LogAspects          : Result : commons :: newBlogList
2022-09-29 10:32:48.984  INFO 4884 --- [http-nio-80-exec-8] com.cczj.blog.aspect.LogAspects          : Request : {url='http://localhost/', ip='0:0:0:0:0:0:0:1', classMethod='com.cczj.blog.controller.IndexController.index', args=[Page request [number: 0, size 8, sort: updateTime: DESC], org.apache.catalina.session.StandardSessionFacade@4ac96bee, {}]}
2022-09-29 10:32:49.587  INFO 4884 --- [http-nio-80-exec-8] com.cczj.blog.aspect.LogAspects          : Result : index
2022-09-29 10:32:50.199  INFO 4884 --- [http-nio-80-exec-3] com.cczj.blog.aspect.LogAspects          : Request : {url='http://localhost/footer/newBlog', ip='0:0:0:0:0:0:0:1', classMethod='com.cczj.blog.controller.IndexController.newBlogs', args=[{}]}
2022-09-29 10:32:50.359  INFO 4884 --- [http-nio-80-exec-3] com.cczj.blog.aspect.LogAspects          : Result : commons :: newBlogList
2022-09-29 10:40:34.844  INFO 4884 --- [http-nio-80-exec-3] com.cczj.blog.aspect.LogAspects          : Request : {url='http://localhost/', ip='0:0:0:0:0:0:0:1', classMethod='com.cczj.blog.controller.IndexController.index', args=[Page request [number: 0, size 8, sort: updateTime: DESC], org.apache.catalina.session.StandardSessionFacade@4ac96bee, {}]}
2022-09-29 10:40:35.450  INFO 4884 --- [http-nio-80-exec-3] com.cczj.blog.aspect.LogAspects          : Result : index
2022-09-29 10:40:35.919  INFO 4884 --- [http-nio-80-exec-6] com.cczj.blog.aspect.LogAspects          : Request : {url='http://localhost/footer/newBlog', ip='0:0:0:0:0:0:0:1', classMethod='com.cczj.blog.controller.IndexController.newBlogs', args=[{}]}
2022-09-29 10:40:36.079  INFO 4884 --- [http-nio-80-exec-6] com.cczj.blog.aspect.LogAspects          : Result : commons :: newBlogList
2022-09-29 10:42:26.214  INFO 4884 --- [File Watcher] rtingClassPathChangeChangedEventListener : Restarting due to 45 class path changes (0 additions, 45 deletions, 0 modifications)
2022-09-29 10:42:26.475  INFO 4884 --- [Thread-5] o.apache.catalina.core.StandardService   : Stopping service [Tomcat]
2022-09-29 10:42:26.478  INFO 4884 --- [Thread-5] o.a.c.c.C.[Tomcat].[localhost].[/]       : Destroying Spring FrameworkServlet 'dispatcherServlet'
2022-09-29 10:42:26.489  INFO 4884 --- [Thread-5] j.LocalContainerEntityManagerFactoryBean : Closing JPA EntityManagerFactory for persistence unit 'default'
2022-09-29 10:42:26.493  INFO 4884 --- [Thread-5] com.zaxxer.hikari.HikariDataSource       : HikariPool-1 - Shutdown initiated...
2022-09-29 10:42:26.503  INFO 4884 --- [Thread-5] com.zaxxer.hikari.HikariDataSource       : HikariPool-1 - Shutdown completed.
2022-09-29 10:42:26.596  INFO 4884 --- [restartedMain] com.cczj.blog.BlogApplication            : Starting BlogApplication using Java 11.0.2 on LAPTOP-RD663NNS with PID 4884 (C:\Users\18446\IdeaProjects\blog\target\classes started by www in C:\Users\18446\IdeaProjects\blog)
2022-09-29 10:42:26.596 DEBUG 4884 --- [restartedMain] com.cczj.blog.BlogApplication            : Running with Spring Boot v2.7.4, Spring v5.3.23
2022-09-29 10:42:26.596  INFO 4884 --- [restartedMain] com.cczj.blog.BlogApplication            : No active profile set, falling back to 1 default profile: "default"
2022-09-29 10:42:26.772  INFO 4884 --- [restartedMain] .s.d.r.c.RepositoryConfigurationDelegate : Bootstrapping Spring Data JPA repositories in DEFAULT mode.
2022-09-29 10:42:26.837  INFO 4884 --- [restartedMain] .s.d.r.c.RepositoryConfigurationDelegate : Finished Spring Data repository scanning in 63 ms. Found 0 JPA repository interfaces.
2022-09-29 10:42:26.924  INFO 4884 --- [restartedMain] o.s.b.w.embedded.tomcat.TomcatWebServer  : Tomcat initialized with port(s): 80 (http)
2022-09-29 10:42:26.924  INFO 4884 --- [restartedMain] o.apache.catalina.core.StandardService   : Starting service [Tomcat]
2022-09-29 10:42:26.925  INFO 4884 --- [restartedMain] org.apache.catalina.core.StandardEngine  : Starting Servlet engine: [Apache Tomcat/9.0.65]
2022-09-29 10:42:26.941  INFO 4884 --- [restartedMain] o.a.c.c.C.[Tomcat].[localhost].[/]       : Initializing Spring embedded WebApplicationContext
2022-09-29 10:42:26.941  INFO 4884 --- [restartedMain] w.s.c.ServletWebServerApplicationContext : Root WebApplicationContext: initialization completed in 342 ms
2022-09-29 10:42:27.091  INFO 4884 --- [restartedMain] o.hibernate.jpa.internal.util.LogHelper  : HHH000204: Processing PersistenceUnitInfo [name: default]
2022-09-29 10:42:27.095  INFO 4884 --- [restartedMain] com.zaxxer.hikari.HikariDataSource       : HikariPool-2 - Starting...
2022-09-29 10:42:27.459  INFO 4884 --- [restartedMain] com.zaxxer.hikari.HikariDataSource       : HikariPool-2 - Start completed.
2022-09-29 10:42:27.459  INFO 4884 --- [restartedMain] org.hibernate.dialect.Dialect            : HHH000400: Using dialect: org.hibernate.dialect.MySQL8Dialect
2022-09-29 10:42:28.083  INFO 4884 --- [restartedMain] o.h.e.t.j.p.i.JtaPlatformInitiator       : HHH000490: Using JtaPlatform implementation: [org.hibernate.engine.transaction.jta.platform.internal.NoJtaPlatform]
2022-09-29 10:42:28.084  INFO 4884 --- [restartedMain] j.LocalContainerEntityManagerFactoryBean : Initialized JPA EntityManagerFactory for persistence unit 'default'
2022-09-29 10:42:28.094  WARN 4884 --- [restartedMain] JpaBaseConfiguration$JpaWebConfiguration : spring.jpa.open-in-view is enabled by default. Therefore, database queries may be performed during view rendering. Explicitly configure spring.jpa.open-in-view to disable this warning
2022-09-29 10:42:28.162  INFO 4884 --- [restartedMain] o.s.b.a.w.s.WelcomePageHandlerMapping    : Adding welcome page template: index
2022-09-29 10:42:28.194  INFO 4884 --- [restartedMain] o.s.b.d.a.OptionalLiveReloadServer       : LiveReload server is running on port 35729
2022-09-29 10:42:28.202  INFO 4884 --- [restartedMain] o.s.b.w.embedded.tomcat.TomcatWebServer  : Tomcat started on port(s): 80 (http) with context path ''
2022-09-29 10:42:28.208  INFO 4884 --- [restartedMain] com.cczj.blog.BlogApplication            : Started BlogApplication in 1.641 seconds (JVM running for 2623.844)
2022-09-29 10:42:28.210  INFO 4884 --- [restartedMain] .ConditionEvaluationDeltaLoggingListener : Condition evaluation unchanged
2022-09-29 10:42:29.741  INFO 4884 --- [File Watcher] rtingClassPathChangeChangedEventListener : Restarting due to 45 class path changes (45 additions, 0 deletions, 0 modifications)
2022-09-29 10:42:29.983  INFO 4884 --- [Thread-7] o.apache.catalina.core.StandardService   : Stopping service [Tomcat]
2022-09-29 10:42:29.990  INFO 4884 --- [Thread-7] j.LocalContainerEntityManagerFactoryBean : Closing JPA EntityManagerFactory for persistence unit 'default'
2022-09-29 10:42:29.991  INFO 4884 --- [Thread-7] com.zaxxer.hikari.HikariDataSource       : HikariPool-2 - Shutdown initiated...
2022-09-29 10:42:30.208  INFO 4884 --- [Thread-7] com.zaxxer.hikari.HikariDataSource       : HikariPool-2 - Shutdown completed.
2022-09-29 10:42:30.289  INFO 4884 --- [restartedMain] com.cczj.blog.BlogApplication            : Starting BlogApplication using Java 11.0.2 on LAPTOP-RD663NNS with PID 4884 (C:\Users\18446\IdeaProjects\blog\target\classes started by www in C:\Users\18446\IdeaProjects\blog)
2022-09-29 10:42:30.289 DEBUG 4884 --- [restartedMain] com.cczj.blog.BlogApplication            : Running with Spring Boot v2.7.4, Spring v5.3.23
2022-09-29 10:42:30.289  INFO 4884 --- [restartedMain] com.cczj.blog.BlogApplication            : No active profile set, falling back to 1 default profile: "default"
2022-09-29 10:42:30.441  INFO 4884 --- [restartedMain] .s.d.r.c.RepositoryConfigurationDelegate : Bootstrapping Spring Data JPA repositories in DEFAULT mode.
2022-09-29 10:42:30.458  INFO 4884 --- [restartedMain] .s.d.r.c.RepositoryConfigurationDelegate : Finished Spring Data repository scanning in 16 ms. Found 5 JPA repository interfaces.
2022-09-29 10:42:30.558  INFO 4884 --- [restartedMain] o.s.b.w.embedded.tomcat.TomcatWebServer  : Tomcat initialized with port(s): 80 (http)
2022-09-29 10:42:30.559  INFO 4884 --- [restartedMain] o.apache.catalina.core.StandardService   : Starting service [Tomcat]
2022-09-29 10:42:30.559  INFO 4884 --- [restartedMain] org.apache.catalina.core.StandardEngine  : Starting Servlet engine: [Apache Tomcat/9.0.65]
2022-09-29 10:42:30.571  INFO 4884 --- [restartedMain] o.a.c.c.C.[Tomcat].[localhost].[/]       : Initializing Spring embedded WebApplicationContext
2022-09-29 10:42:30.571  INFO 4884 --- [restartedMain] w.s.c.ServletWebServerApplicationContext : Root WebApplicationContext: initialization completed in 280 ms
2022-09-29 10:42:30.614  INFO 4884 --- [restartedMain] o.hibernate.jpa.internal.util.LogHelper  : HHH000204: Processing PersistenceUnitInfo [name: default]
2022-09-29 10:42:30.618  INFO 4884 --- [restartedMain] com.zaxxer.hikari.HikariDataSource       : HikariPool-3 - Starting...
2022-09-29 10:42:30.964  INFO 4884 --- [restartedMain] com.zaxxer.hikari.HikariDataSource       : HikariPool-3 - Start completed.
2022-09-29 10:42:30.965  INFO 4884 --- [restartedMain] org.hibernate.dialect.Dialect            : HHH000400: Using dialect: org.hibernate.dialect.MySQL8Dialect
2022-09-29 10:42:31.531  INFO 4884 --- [restartedMain] o.h.e.t.j.p.i.JtaPlatformInitiator       : HHH000490: Using JtaPlatform implementation: [org.hibernate.engine.transaction.jta.platform.internal.NoJtaPlatform]
2022-09-29 10:42:31.532  INFO 4884 --- [restartedMain] j.LocalContainerEntityManagerFactoryBean : Initialized JPA EntityManagerFactory for persistence unit 'default'
2022-09-29 10:42:31.811  WARN 4884 --- [restartedMain] JpaBaseConfiguration$JpaWebConfiguration : spring.jpa.open-in-view is enabled by default. Therefore, database queries may be performed during view rendering. Explicitly configure spring.jpa.open-in-view to disable this warning
2022-09-29 10:42:31.897  INFO 4884 --- [restartedMain] o.s.b.a.w.s.WelcomePageHandlerMapping    : Adding welcome page template: index
2022-09-29 10:42:32.019  INFO 4884 --- [restartedMain] o.s.b.d.a.OptionalLiveReloadServer       : LiveReload server is running on port 35729
2022-09-29 10:42:32.036  INFO 4884 --- [restartedMain] o.s.b.w.embedded.tomcat.TomcatWebServer  : Tomcat started on port(s): 80 (http) with context path ''
2022-09-29 10:42:32.040  INFO 4884 --- [restartedMain] com.cczj.blog.BlogApplication            : Started BlogApplication in 1.779 seconds (JVM running for 2627.677)
2022-09-29 10:42:32.041  INFO 4884 --- [restartedMain] .ConditionEvaluationDeltaLoggingListener : Condition evaluation unchanged
2022-09-29 10:42:32.192  INFO 4884 --- [http-nio-80-exec-1] o.a.c.c.C.[Tomcat].[localhost].[/]       : Initializing Spring DispatcherServlet 'dispatcherServlet'
2022-09-29 10:42:32.193  INFO 4884 --- [http-nio-80-exec-1] o.s.web.servlet.DispatcherServlet        : Initializing Servlet 'dispatcherServlet'
2022-09-29 10:42:32.193  INFO 4884 --- [http-nio-80-exec-1] o.s.web.servlet.DispatcherServlet        : Completed initialization in 0 ms
2022-09-29 10:42:32.198  INFO 4884 --- [http-nio-80-exec-1] com.cczj.blog.aspect.LogAspects          : Request : {url='http://localhost/', ip='0:0:0:0:0:0:0:1', classMethod='com.cczj.blog.controller.IndexController.index', args=[Page request [number: 0, size 8, sort: updateTime: DESC], org.apache.catalina.session.StandardSessionFacade@25dc2752, {}]}
2022-09-29 10:42:32.566  WARN 4884 --- [http-nio-80-exec-1] org.hibernate.orm.deprecation            : HHH90000016: Found use of deprecated 'collection property' syntax in HQL/JPQL query [t.blogs.size]; use collection function syntax instead [size(t.blogs)].
2022-09-29 10:42:32.689  WARN 4884 --- [http-nio-80-exec-1] org.hibernate.orm.deprecation            : HHH90000016: Found use of deprecated 'collection property' syntax in HQL/JPQL query [t.blogs.size]; use collection function syntax instead [size(t.blogs)].
2022-09-29 10:42:32.812  INFO 4884 --- [http-nio-80-exec-1] com.cczj.blog.aspect.LogAspects          : Result : index
2022-09-29 10:42:33.269  INFO 4884 --- [http-nio-80-exec-2] com.cczj.blog.aspect.LogAspects          : Request : {url='http://localhost/footer/newBlog', ip='0:0:0:0:0:0:0:1', classMethod='com.cczj.blog.controller.IndexController.newBlogs', args=[{}]}
2022-09-29 10:42:33.423  INFO 4884 --- [http-nio-80-exec-2] com.cczj.blog.aspect.LogAspects          : Result : commons :: newBlogList
2022-09-29 10:44:16.916  INFO 4884 --- [http-nio-80-exec-3] com.cczj.blog.aspect.LogAspects          : Request : {url='http://localhost/', ip='0:0:0:0:0:0:0:1', classMethod='com.cczj.blog.controller.IndexController.index', args=[Page request [number: 0, size 8, sort: updateTime: DESC], org.apache.catalina.session.StandardSessionFacade@25dc2752, {}]}
2022-09-29 10:44:17.487  INFO 4884 --- [http-nio-80-exec-3] com.cczj.blog.aspect.LogAspects          : Result : index
2022-09-29 10:44:17.933  INFO 4884 --- [http-nio-80-exec-6] com.cczj.blog.aspect.LogAspects          : Request : {url='http://localhost/footer/newBlog', ip='0:0:0:0:0:0:0:1', classMethod='com.cczj.blog.controller.IndexController.newBlogs', args=[{}]}
2022-09-29 10:44:18.080  INFO 4884 --- [http-nio-80-exec-6] com.cczj.blog.aspect.LogAspects          : Result : commons :: newBlogList
2022-09-29 10:56:04.659  INFO 4884 --- [http-nio-80-exec-9] com.cczj.blog.aspect.LogAspects          : Request : {url='http://localhost/', ip='0:0:0:0:0:0:0:1', classMethod='com.cczj.blog.controller.IndexController.index', args=[Page request [number: 0, size 8, sort: updateTime: DESC], org.apache.catalina.session.StandardSessionFacade@25dc2752, {}]}
2022-09-29 10:56:05.227  INFO 4884 --- [http-nio-80-exec-9] com.cczj.blog.aspect.LogAspects          : Result : index
2022-09-29 10:56:05.672  INFO 4884 --- [http-nio-80-exec-1] com.cczj.blog.aspect.LogAspects          : Request : {url='http://localhost/footer/newBlog', ip='0:0:0:0:0:0:0:1', classMethod='com.cczj.blog.controller.IndexController.newBlogs', args=[{}]}
2022-09-29 10:56:05.820  INFO 4884 --- [http-nio-80-exec-1] com.cczj.blog.aspect.LogAspects          : Result : commons :: newBlogList
2022-09-29 10:57:42.643  INFO 4884 --- [http-nio-80-exec-2] com.cczj.blog.aspect.LogAspects          : Request : {url='http://localhost/', ip='0:0:0:0:0:0:0:1', classMethod='com.cczj.blog.controller.IndexController.index', args=[Page request [number: 0, size 8, sort: updateTime: DESC], org.apache.catalina.session.StandardSessionFacade@25dc2752, {}]}
2022-09-29 10:57:43.212  INFO 4884 --- [http-nio-80-exec-2] com.cczj.blog.aspect.LogAspects          : Result : index
2022-09-29 10:57:43.653  INFO 4884 --- [http-nio-80-exec-9] com.cczj.blog.aspect.LogAspects          : Request : {url='http://localhost/footer/newBlog', ip='0:0:0:0:0:0:0:1', classMethod='com.cczj.blog.controller.IndexController.newBlogs', args=[{}]}
2022-09-29 10:57:43.817  INFO 4884 --- [http-nio-80-exec-9] com.cczj.blog.aspect.LogAspects          : Result : commons :: newBlogList
2022-09-29 11:05:15.403  INFO 4884 --- [http-nio-80-exec-9] com.cczj.blog.aspect.LogAspects          : Request : {url='http://localhost/', ip='0:0:0:0:0:0:0:1', classMethod='com.cczj.blog.controller.IndexController.index', args=[Page request [number: 0, size 8, sort: updateTime: DESC], org.apache.catalina.session.StandardSessionFacade@25dc2752, {}]}
2022-09-29 11:05:16.421  INFO 4884 --- [http-nio-80-exec-9] com.cczj.blog.aspect.LogAspects          : Result : index
2022-09-29 11:05:17.200  INFO 4884 --- [http-nio-80-exec-4] com.cczj.blog.aspect.LogAspects          : Request : {url='http://localhost/footer/newBlog', ip='0:0:0:0:0:0:0:1', classMethod='com.cczj.blog.controller.IndexController.newBlogs', args=[{}]}
2022-09-29 11:05:17.347  INFO 4884 --- [http-nio-80-exec-4] com.cczj.blog.aspect.LogAspects          : Result : commons :: newBlogList
2022-09-29 11:10:06.099  INFO 4884 --- [http-nio-80-exec-7] com.cczj.blog.aspect.LogAspects          : Request : {url='http://localhost/', ip='0:0:0:0:0:0:0:1', classMethod='com.cczj.blog.controller.IndexController.index', args=[Page request [number: 0, size 8, sort: updateTime: DESC], org.apache.catalina.session.StandardSessionFacade@25dc2752, {}]}
2022-09-29 11:10:06.704  INFO 4884 --- [http-nio-80-exec-7] com.cczj.blog.aspect.LogAspects          : Result : index
2022-09-29 11:10:07.317  INFO 4884 --- [http-nio-80-exec-1] com.cczj.blog.aspect.LogAspects          : Request : {url='http://localhost/footer/newBlog', ip='0:0:0:0:0:0:0:1', classMethod='com.cczj.blog.controller.IndexController.newBlogs', args=[{}]}
2022-09-29 11:10:07.478  INFO 4884 --- [http-nio-80-exec-1] com.cczj.blog.aspect.LogAspects          : Result : commons :: newBlogList
2022-09-29 11:10:32.867  INFO 4884 --- [http-nio-80-exec-9] com.cczj.blog.aspect.LogAspects          : Request : {url='http://localhost/', ip='0:0:0:0:0:0:0:1', classMethod='com.cczj.blog.controller.IndexController.index', args=[Page request [number: 0, size 8, sort: updateTime: DESC], org.apache.catalina.session.StandardSessionFacade@25dc2752, {}]}
2022-09-29 11:10:33.464  INFO 4884 --- [http-nio-80-exec-9] com.cczj.blog.aspect.LogAspects          : Result : index
2022-09-29 11:10:33.907  INFO 4884 --- [http-nio-80-exec-1] com.cczj.blog.aspect.LogAspects          : Request : {url='http://localhost/footer/newBlog', ip='0:0:0:0:0:0:0:1', classMethod='com.cczj.blog.controller.IndexController.newBlogs', args=[{}]}
2022-09-29 11:10:34.058  INFO 4884 --- [http-nio-80-exec-1] com.cczj.blog.aspect.LogAspects          : Result : commons :: newBlogList
2022-09-29 11:10:43.942  INFO 4884 --- [http-nio-80-exec-9] com.cczj.blog.aspect.LogAspects          : Request : {url='http://localhost/', ip='0:0:0:0:0:0:0:1', classMethod='com.cczj.blog.controller.IndexController.index', args=[Page request [number: 0, size 8, sort: updateTime: DESC], org.apache.catalina.session.StandardSessionFacade@25dc2752, {}]}
2022-09-29 11:10:44.519  INFO 4884 --- [http-nio-80-exec-9] com.cczj.blog.aspect.LogAspects          : Result : index
2022-09-29 11:10:45.439  INFO 4884 --- [http-nio-80-exec-6] com.cczj.blog.aspect.LogAspects          : Request : {url='http://localhost/footer/newBlog', ip='0:0:0:0:0:0:0:1', classMethod='com.cczj.blog.controller.IndexController.newBlogs', args=[{}]}
2022-09-29 11:10:45.595  INFO 4884 --- [http-nio-80-exec-6] com.cczj.blog.aspect.LogAspects          : Result : commons :: newBlogList
2022-09-29 11:11:36.792  INFO 4884 --- [http-nio-80-exec-4] com.cczj.blog.aspect.LogAspects          : Request : {url='http://localhost/', ip='0:0:0:0:0:0:0:1', classMethod='com.cczj.blog.controller.IndexController.index', args=[Page request [number: 0, size 8, sort: updateTime: DESC], org.apache.catalina.session.StandardSessionFacade@25dc2752, {}]}
2022-09-29 11:11:37.355  INFO 4884 --- [http-nio-80-exec-4] com.cczj.blog.aspect.LogAspects          : Result : index
2022-09-29 11:11:38.282  INFO 4884 --- [http-nio-80-exec-2] com.cczj.blog.aspect.LogAspects          : Request : {url='http://localhost/footer/newBlog', ip='0:0:0:0:0:0:0:1', classMethod='com.cczj.blog.controller.IndexController.newBlogs', args=[{}]}
2022-09-29 11:11:38.467  INFO 4884 --- [http-nio-80-exec-2] com.cczj.blog.aspect.LogAspects          : Result : commons :: newBlogList
2022-09-29 11:11:51.543  INFO 4884 --- [http-nio-80-exec-5] com.cczj.blog.aspect.LogAspects          : Request : {url='http://localhost/', ip='0:0:0:0:0:0:0:1', classMethod='com.cczj.blog.controller.IndexController.index', args=[Page request [number: 0, size 8, sort: updateTime: DESC], org.apache.catalina.session.StandardSessionFacade@25dc2752, {}]}
2022-09-29 11:11:56.549  WARN 4884 --- [http-nio-80-exec-5] com.zaxxer.hikari.pool.PoolBase          : HikariPool-3 - Failed to validate connection com.mysql.cj.jdbc.ConnectionImpl@2ac91129 (No operations allowed after connection closed.). Possibly consider using a shorter maxLifetime value.
2022-09-29 11:12:01.558  WARN 4884 --- [http-nio-80-exec-5] com.zaxxer.hikari.pool.PoolBase          : HikariPool-3 - Failed to validate connection com.mysql.cj.jdbc.ConnectionImpl@1ab55cc4 (No operations allowed after connection closed.). Possibly consider using a shorter maxLifetime value.
2022-09-29 11:12:06.567  WARN 4884 --- [http-nio-80-exec-5] com.zaxxer.hikari.pool.PoolBase          : HikariPool-3 - Failed to validate connection com.mysql.cj.jdbc.ConnectionImpl@22e6996a (No operations allowed after connection closed.). Possibly consider using a shorter maxLifetime value.
2022-09-29 11:12:11.580  WARN 4884 --- [http-nio-80-exec-5] com.zaxxer.hikari.pool.PoolBase          : HikariPool-3 - Failed to validate connection com.mysql.cj.jdbc.ConnectionImpl@62a27bfe (No operations allowed after connection closed.). Possibly consider using a shorter maxLifetime value.
2022-09-29 11:12:16.596  WARN 4884 --- [http-nio-80-exec-5] com.zaxxer.hikari.pool.PoolBase          : HikariPool-3 - Failed to validate connection com.mysql.cj.jdbc.ConnectionImpl@44faa6f9 (No operations allowed after connection closed.). Possibly consider using a shorter maxLifetime value.
2022-09-29 11:12:21.615  WARN 4884 --- [http-nio-80-exec-5] com.zaxxer.hikari.pool.PoolBase          : HikariPool-3 - Failed to validate connection com.mysql.cj.jdbc.ConnectionImpl@36e1d6e2 (No operations allowed after connection closed.). Possibly consider using a shorter maxLifetime value.
2022-09-29 11:12:21.617  WARN 4884 --- [http-nio-80-exec-5] o.h.engine.jdbc.spi.SqlExceptionHelper   : SQL Error: 0, SQLState: 08003
2022-09-29 11:12:21.617 ERROR 4884 --- [http-nio-80-exec-5] o.h.engine.jdbc.spi.SqlExceptionHelper   : HikariPool-3 - Connection is not available, request timed out after 30072ms.
2022-09-29 11:12:21.617 ERROR 4884 --- [http-nio-80-exec-5] o.h.engine.jdbc.spi.SqlExceptionHelper   : No operations allowed after connection closed.
2022-09-29 11:12:21.628 ERROR 4884 --- [http-nio-80-exec-5] c.c.b.h.ControllerExceptionHandler       : Request URL: http://localhost/, Exception : {}

org.springframework.transaction.CannotCreateTransactionException: Could not open JPA EntityManager for transaction; nested exception is org.hibernate.exception.JDBCConnectionException: Unable to acquire JDBC Connection
	at org.springframework.orm.jpa.JpaTransactionManager.doBegin(JpaTransactionManager.java:467) ~[spring-orm-5.3.23.jar:5.3.23]
	at org.springframework.transaction.support.AbstractPlatformTransactionManager.startTransaction(AbstractPlatformTransactionManager.java:400) ~[spring-tx-5.3.23.jar:5.3.23]
	at org.springframework.transaction.support.AbstractPlatformTransactionManager.getTransaction(AbstractPlatformTransactionManager.java:373) ~[spring-tx-5.3.23.jar:5.3.23]
	at org.springframework.transaction.interceptor.TransactionAspectSupport.createTransactionIfNecessary(TransactionAspectSupport.java:595) ~[spring-tx-5.3.23.jar:5.3.23]
	at org.springframework.transaction.interceptor.TransactionAspectSupport.invokeWithinTransaction(TransactionAspectSupport.java:382) ~[spring-tx-5.3.23.jar:5.3.23]
	at org.springframework.transaction.interceptor.TransactionInterceptor.invoke(TransactionInterceptor.java:119) ~[spring-tx-5.3.23.jar:5.3.23]
	at org.springframework.aop.framework.ReflectiveMethodInvocation.proceed(ReflectiveMethodInvocation.java:186) ~[spring-aop-5.3.23.jar:5.3.23]
	at org.springframework.aop.framework.CglibAopProxy$CglibMethodInvocation.proceed(CglibAopProxy.java:763) ~[spring-aop-5.3.23.jar:5.3.23]
	at org.springframework.aop.framework.CglibAopProxy$DynamicAdvisedInterceptor.intercept(CglibAopProxy.java:708) ~[spring-aop-5.3.23.jar:5.3.23]
	at com.cczj.blog.service.Impl.BlogServiceImpl$$EnhancerBySpringCGLIB$$46c11381.listBlog(<generated>) ~[classes/:na]
	at com.cczj.blog.controller.IndexController.index(IndexController.java:44) ~[classes/:na]
	at com.cczj.blog.controller.IndexController$$FastClassBySpringCGLIB$$b7b83357.invoke(<generated>) ~[classes/:na]
	at org.springframework.cglib.proxy.MethodProxy.invoke(MethodProxy.java:218) ~[spring-core-5.3.23.jar:5.3.23]
	at org.springframework.aop.framework.CglibAopProxy$CglibMethodInvocation.invokeJoinpoint(CglibAopProxy.java:793) ~[spring-aop-5.3.23.jar:5.3.23]
	at org.springframework.aop.framework.ReflectiveMethodInvocation.proceed(ReflectiveMethodInvocation.java:163) ~[spring-aop-5.3.23.jar:5.3.23]
	at org.springframework.aop.framework.CglibAopProxy$CglibMethodInvocation.proceed(CglibAopProxy.java:763) ~[spring-aop-5.3.23.jar:5.3.23]
	at org.springframework.aop.framework.adapter.AfterReturningAdviceInterceptor.invoke(AfterReturningAdviceInterceptor.java:57) ~[spring-aop-5.3.23.jar:5.3.23]
	at org.springframework.aop.framework.ReflectiveMethodInvocation.proceed(ReflectiveMethodInvocation.java:186) ~[spring-aop-5.3.23.jar:5.3.23]
	at org.springframework.aop.framework.CglibAopProxy$CglibMethodInvocation.proceed(CglibAopProxy.java:763) ~[spring-aop-5.3.23.jar:5.3.23]
	at org.springframework.aop.framework.adapter.MethodBeforeAdviceInterceptor.invoke(MethodBeforeAdviceInterceptor.java:58) ~[spring-aop-5.3.23.jar:5.3.23]
	at org.springframework.aop.framework.ReflectiveMethodInvocation.proceed(ReflectiveMethodInvocation.java:186) ~[spring-aop-5.3.23.jar:5.3.23]
	at org.springframework.aop.framework.CglibAopProxy$CglibMethodInvocation.proceed(CglibAopProxy.java:763) ~[spring-aop-5.3.23.jar:5.3.23]
	at org.springframework.aop.interceptor.ExposeInvocationInterceptor.invoke(ExposeInvocationInterceptor.java:97) ~[spring-aop-5.3.23.jar:5.3.23]
	at org.springframework.aop.framework.ReflectiveMethodInvocation.proceed(ReflectiveMethodInvocation.java:186) ~[spring-aop-5.3.23.jar:5.3.23]
	at org.springframework.aop.framework.CglibAopProxy$CglibMethodInvocation.proceed(CglibAopProxy.java:763) ~[spring-aop-5.3.23.jar:5.3.23]
	at org.springframework.aop.framework.CglibAopProxy$DynamicAdvisedInterceptor.intercept(CglibAopProxy.java:708) ~[spring-aop-5.3.23.jar:5.3.23]
	at com.cczj.blog.controller.IndexController$$EnhancerBySpringCGLIB$$8a76219d.index(<generated>) ~[classes/:na]
	at java.base/jdk.internal.reflect.NativeMethodAccessorImpl.invoke0(Native Method) ~[na:na]
	at java.base/jdk.internal.reflect.NativeMethodAccessorImpl.invoke(NativeMethodAccessorImpl.java:62) ~[na:na]
	at java.base/jdk.internal.reflect.DelegatingMethodAccessorImpl.invoke(DelegatingMethodAccessorImpl.java:43) ~[na:na]
	at java.base/java.lang.reflect.Method.invoke(Method.java:566) ~[na:na]
	at org.springframework.web.method.support.InvocableHandlerMethod.doInvoke(InvocableHandlerMethod.java:205) ~[spring-web-5.3.23.jar:5.3.23]
	at org.springframework.web.method.support.InvocableHandlerMethod.invokeForRequest(InvocableHandlerMethod.java:150) ~[spring-web-5.3.23.jar:5.3.23]
	at org.springframework.web.servlet.mvc.method.annotation.ServletInvocableHandlerMethod.invokeAndHandle(ServletInvocableHandlerMethod.java:117) ~[spring-webmvc-5.3.23.jar:5.3.23]
	at org.springframework.web.servlet.mvc.method.annotation.RequestMappingHandlerAdapter.invokeHandlerMethod(RequestMappingHandlerAdapter.java:895) ~[spring-webmvc-5.3.23.jar:5.3.23]
	at org.springframework.web.servlet.mvc.method.annotation.RequestMappingHandlerAdapter.handleInternal(RequestMappingHandlerAdapter.java:808) ~[spring-webmvc-5.3.23.jar:5.3.23]
	at org.springframework.web.servlet.mvc.method.AbstractHandlerMethodAdapter.handle(AbstractHandlerMethodAdapter.java:87) ~[spring-webmvc-5.3.23.jar:5.3.23]
	at org.springframework.web.servlet.DispatcherServlet.doDispatch(DispatcherServlet.java:1071) ~[spring-webmvc-5.3.23.jar:5.3.23]
	at org.springframework.web.servlet.DispatcherServlet.doService(DispatcherServlet.java:964) ~[spring-webmvc-5.3.23.jar:5.3.23]
	at org.springframework.web.servlet.FrameworkServlet.processRequest(FrameworkServlet.java:1006) ~[spring-webmvc-5.3.23.jar:5.3.23]
	at org.springframework.web.servlet.FrameworkServlet.doGet(FrameworkServlet.java:898) ~[spring-webmvc-5.3.23.jar:5.3.23]
	at javax.servlet.http.HttpServlet.service(HttpServlet.java:655) ~[tomcat-embed-core-9.0.65.jar:4.0.FR]
	at org.springframework.web.servlet.FrameworkServlet.service(FrameworkServlet.java:883) ~[spring-webmvc-5.3.23.jar:5.3.23]
	at javax.servlet.http.HttpServlet.service(HttpServlet.java:764) ~[tomcat-embed-core-9.0.65.jar:4.0.FR]
	at org.apache.catalina.core.ApplicationFilterChain.internalDoFilter(ApplicationFilterChain.java:227) ~[tomcat-embed-core-9.0.65.jar:9.0.65]
	at org.apache.catalina.core.ApplicationFilterChain.doFilter(ApplicationFilterChain.java:162) ~[tomcat-embed-core-9.0.65.jar:9.0.65]
	at org.apache.tomcat.websocket.server.WsFilter.doFilter(WsFilter.java:53) ~[tomcat-embed-websocket-9.0.65.jar:9.0.65]
	at org.apache.catalina.core.ApplicationFilterChain.internalDoFilter(ApplicationFilterChain.java:189) ~[tomcat-embed-core-9.0.65.jar:9.0.65]
	at org.apache.catalina.core.ApplicationFilterChain.doFilter(ApplicationFilterChain.java:162) ~[tomcat-embed-core-9.0.65.jar:9.0.65]
	at org.springframework.web.filter.RequestContextFilter.doFilterInternal(RequestContextFilter.java:100) ~[spring-web-5.3.23.jar:5.3.23]
	at org.springframework.web.filter.OncePerRequestFilter.doFilter(OncePerRequestFilter.java:117) ~[spring-web-5.3.23.jar:5.3.23]
	at org.apache.catalina.core.ApplicationFilterChain.internalDoFilter(ApplicationFilterChain.java:189) ~[tomcat-embed-core-9.0.65.jar:9.0.65]
	at org.apache.catalina.core.ApplicationFilterChain.doFilter(ApplicationFilterChain.java:162) ~[tomcat-embed-core-9.0.65.jar:9.0.65]
	at org.springframework.web.filter.FormContentFilter.doFilterInternal(FormContentFilter.java:93) ~[spring-web-5.3.23.jar:5.3.23]
	at org.springframework.web.filter.OncePerRequestFilter.doFilter(OncePerRequestFilter.java:117) ~[spring-web-5.3.23.jar:5.3.23]
	at org.apache.catalina.core.ApplicationFilterChain.internalDoFilter(ApplicationFilterChain.java:189) ~[tomcat-embed-core-9.0.65.jar:9.0.65]
	at org.apache.catalina.core.ApplicationFilterChain.doFilter(ApplicationFilterChain.java:162) ~[tomcat-embed-core-9.0.65.jar:9.0.65]
	at org.springframework.web.filter.CharacterEncodingFilter.doFilterInternal(CharacterEncodingFilter.java:201) ~[spring-web-5.3.23.jar:5.3.23]
	at org.springframework.web.filter.OncePerRequestFilter.doFilter(OncePerRequestFilter.java:117) ~[spring-web-5.3.23.jar:5.3.23]
	at org.apache.catalina.core.ApplicationFilterChain.internalDoFilter(ApplicationFilterChain.java:189) ~[tomcat-embed-core-9.0.65.jar:9.0.65]
	at org.apache.catalina.core.ApplicationFilterChain.doFilter(ApplicationFilterChain.java:162) ~[tomcat-embed-core-9.0.65.jar:9.0.65]
	at org.apache.catalina.core.StandardWrapperValve.invoke(StandardWrapperValve.java:197) ~[tomcat-embed-core-9.0.65.jar:9.0.65]
	at org.apache.catalina.core.StandardContextValve.invoke(StandardContextValve.java:97) ~[tomcat-embed-core-9.0.65.jar:9.0.65]
	at org.apache.catalina.authenticator.AuthenticatorBase.invoke(AuthenticatorBase.java:541) ~[tomcat-embed-core-9.0.65.jar:9.0.65]
	at org.apache.catalina.core.StandardHostValve.invoke(StandardHostValve.java:135) ~[tomcat-embed-core-9.0.65.jar:9.0.65]
	at org.apache.catalina.valves.ErrorReportValve.invoke(ErrorReportValve.java:92) ~[tomcat-embed-core-9.0.65.jar:9.0.65]
	at org.apache.catalina.core.StandardEngineValve.invoke(StandardEngineValve.java:78) ~[tomcat-embed-core-9.0.65.jar:9.0.65]
	at org.apache.catalina.connector.CoyoteAdapter.service(CoyoteAdapter.java:360) ~[tomcat-embed-core-9.0.65.jar:9.0.65]
	at org.apache.coyote.http11.Http11Processor.service(Http11Processor.java:399) ~[tomcat-embed-core-9.0.65.jar:9.0.65]
	at org.apache.coyote.AbstractProcessorLight.process(AbstractProcessorLight.java:65) ~[tomcat-embed-core-9.0.65.jar:9.0.65]
	at org.apache.coyote.AbstractProtocol$ConnectionHandler.process(AbstractProtocol.java:890) ~[tomcat-embed-core-9.0.65.jar:9.0.65]
	at org.apache.tomcat.util.net.NioEndpoint$SocketProcessor.doRun(NioEndpoint.java:1789) ~[tomcat-embed-core-9.0.65.jar:9.0.65]
	at org.apache.tomcat.util.net.SocketProcessorBase.run(SocketProcessorBase.java:49) ~[tomcat-embed-core-9.0.65.jar:9.0.65]
	at org.apache.tomcat.util.threads.ThreadPoolExecutor.runWorker(ThreadPoolExecutor.java:1191) ~[tomcat-embed-core-9.0.65.jar:9.0.65]
	at org.apache.tomcat.util.threads.ThreadPoolExecutor$Worker.run(ThreadPoolExecutor.java:659) ~[tomcat-embed-core-9.0.65.jar:9.0.65]
	at org.apache.tomcat.util.threads.TaskThread$WrappingRunnable.run(TaskThread.java:61) ~[tomcat-embed-core-9.0.65.jar:9.0.65]
	at java.base/java.lang.Thread.run(Thread.java:834) ~[na:na]
Caused by: org.hibernate.exception.JDBCConnectionException: Unable to acquire JDBC Connection
	at org.hibernate.exception.internal.SQLExceptionTypeDelegate.convert(SQLExceptionTypeDelegate.java:48) ~[hibernate-core-5.6.11.Final.jar:5.6.11.Final]
	at org.hibernate.exception.internal.StandardSQLExceptionConverter.convert(StandardSQLExceptionConverter.java:37) ~[hibernate-core-5.6.11.Final.jar:5.6.11.Final]
	at org.hibernate.engine.jdbc.spi.SqlExceptionHelper.convert(SqlExceptionHelper.java:113) ~[hibernate-core-5.6.11.Final.jar:5.6.11.Final]
	at org.hibernate.engine.jdbc.spi.SqlExceptionHelper.convert(SqlExceptionHelper.java:99) ~[hibernate-core-5.6.11.Final.jar:5.6.11.Final]
	at org.hibernate.resource.jdbc.internal.LogicalConnectionManagedImpl.acquireConnectionIfNeeded(LogicalConnectionManagedImpl.java:111) ~[hibernate-core-5.6.11.Final.jar:5.6.11.Final]
	at org.hibernate.resource.jdbc.internal.LogicalConnectionManagedImpl.getPhysicalConnection(LogicalConnectionManagedImpl.java:138) ~[hibernate-core-5.6.11.Final.jar:5.6.11.Final]
	at org.hibernate.resource.jdbc.internal.LogicalConnectionManagedImpl.getConnectionForTransactionManagement(LogicalConnectionManagedImpl.java:276) ~[hibernate-core-5.6.11.Final.jar:5.6.11.Final]
	at org.hibernate.resource.jdbc.internal.LogicalConnectionManagedImpl.begin(LogicalConnectionManagedImpl.java:284) ~[hibernate-core-5.6.11.Final.jar:5.6.11.Final]
	at org.hibernate.resource.transaction.backend.jdbc.internal.JdbcResourceLocalTransactionCoordinatorImpl$TransactionDriverControlImpl.begin(JdbcResourceLocalTransactionCoordinatorImpl.java:246) ~[hibernate-core-5.6.11.Final.jar:5.6.11.Final]
	at org.hibernate.engine.transaction.internal.TransactionImpl.begin(TransactionImpl.java:83) ~[hibernate-core-5.6.11.Final.jar:5.6.11.Final]
	at org.springframework.orm.jpa.vendor.HibernateJpaDialect.beginTransaction(HibernateJpaDialect.java:164) ~[spring-orm-5.3.23.jar:5.3.23]
	at org.springframework.orm.jpa.JpaTransactionManager.doBegin(JpaTransactionManager.java:421) ~[spring-orm-5.3.23.jar:5.3.23]
	... 76 common frames omitted
Caused by: java.sql.SQLTransientConnectionException: HikariPool-3 - Connection is not available, request timed out after 30072ms.
	at com.zaxxer.hikari.pool.HikariPool.createTimeoutException(HikariPool.java:696) ~[HikariCP-4.0.3.jar:na]
	at com.zaxxer.hikari.pool.HikariPool.getConnection(HikariPool.java:197) ~[HikariCP-4.0.3.jar:na]
	at com.zaxxer.hikari.pool.HikariPool.getConnection(HikariPool.java:162) ~[HikariCP-4.0.3.jar:na]
	at com.zaxxer.hikari.HikariDataSource.getConnection(HikariDataSource.java:128) ~[HikariCP-4.0.3.jar:na]
	at org.hibernate.engine.jdbc.connections.internal.DatasourceConnectionProviderImpl.getConnection(DatasourceConnectionProviderImpl.java:122) ~[hibernate-core-5.6.11.Final.jar:5.6.11.Final]
	at org.hibernate.internal.NonContextualJdbcConnectionAccess.obtainConnection(NonContextualJdbcConnectionAccess.java:38) ~[hibernate-core-5.6.11.Final.jar:5.6.11.Final]
	at org.hibernate.resource.jdbc.internal.LogicalConnectionManagedImpl.acquireConnectionIfNeeded(LogicalConnectionManagedImpl.java:108) ~[hibernate-core-5.6.11.Final.jar:5.6.11.Final]
	... 83 common frames omitted
Caused by: java.sql.SQLNonTransientConnectionException: No operations allowed after connection closed.
	at com.mysql.cj.jdbc.exceptions.SQLError.createSQLException(SQLError.java:110) ~[mysql-connector-java-8.0.30.jar:8.0.30]
	at com.mysql.cj.jdbc.exceptions.SQLError.createSQLException(SQLError.java:97) ~[mysql-connector-java-8.0.30.jar:8.0.30]
	at com.mysql.cj.jdbc.exceptions.SQLError.createSQLException(SQLError.java:89) ~[mysql-connector-java-8.0.30.jar:8.0.30]
	at com.mysql.cj.jdbc.exceptions.SQLError.createSQLException(SQLError.java:63) ~[mysql-connector-java-8.0.30.jar:8.0.30]
	at com.mysql.cj.jdbc.exceptions.SQLError.createSQLException(SQLError.java:73) ~[mysql-connector-java-8.0.30.jar:8.0.30]
	at com.mysql.cj.jdbc.exceptions.SQLExceptionsMapping.translateException(SQLExceptionsMapping.java:73) ~[mysql-connector-java-8.0.30.jar:8.0.30]
	at com.mysql.cj.jdbc.ConnectionImpl.setNetworkTimeout(ConnectionImpl.java:2485) ~[mysql-connector-java-8.0.30.jar:8.0.30]
	at com.zaxxer.hikari.pool.PoolBase.setNetworkTimeout(PoolBase.java:566) ~[HikariCP-4.0.3.jar:na]
	at com.zaxxer.hikari.pool.PoolBase.isConnectionAlive(PoolBase.java:173) ~[HikariCP-4.0.3.jar:na]
	at com.zaxxer.hikari.pool.HikariPool.getConnection(HikariPool.java:186) ~[HikariCP-4.0.3.jar:na]
	... 88 common frames omitted
Caused by: com.mysql.cj.exceptions.ConnectionIsClosedException: No operations allowed after connection closed.
	at java.base/jdk.internal.reflect.NativeConstructorAccessorImpl.newInstance0(Native Method) ~[na:na]
	at java.base/jdk.internal.reflect.NativeConstructorAccessorImpl.newInstance(NativeConstructorAccessorImpl.java:62) ~[na:na]
	at java.base/jdk.internal.reflect.DelegatingConstructorAccessorImpl.newInstance(DelegatingConstructorAccessorImpl.java:45) ~[na:na]
	at java.base/java.lang.reflect.Constructor.newInstance(Constructor.java:490) ~[na:na]
	at com.mysql.cj.exceptions.ExceptionFactory.createException(ExceptionFactory.java:61) ~[mysql-connector-java-8.0.30.jar:8.0.30]
	at com.mysql.cj.exceptions.ExceptionFactory.createException(ExceptionFactory.java:105) ~[mysql-connector-java-8.0.30.jar:8.0.30]
	at com.mysql.cj.exceptions.ExceptionFactory.createException(ExceptionFactory.java:151) ~[mysql-connector-java-8.0.30.jar:8.0.30]
	at com.mysql.cj.NativeSession.checkClosed(NativeSession.java:761) ~[mysql-connector-java-8.0.30.jar:8.0.30]
	at com.mysql.cj.jdbc.ConnectionImpl.checkClosed(ConnectionImpl.java:568) ~[mysql-connector-java-8.0.30.jar:8.0.30]
	at com.mysql.cj.jdbc.ConnectionImpl.setNetworkTimeout(ConnectionImpl.java:2481) ~[mysql-connector-java-8.0.30.jar:8.0.30]
	... 91 common frames omitted

2022-09-29 11:12:21.629  WARN 4884 --- [http-nio-80-exec-5] .m.m.a.ExceptionHandlerExceptionResolver : Resolved [org.springframework.transaction.CannotCreateTransactionException: Could not open JPA EntityManager for transaction; nested exception is org.hibernate.exception.JDBCConnectionException: Unable to acquire JDBC Connection]
2022-09-29 11:12:21.645 ERROR 4884 --- [http-nio-80-exec-5] org.thymeleaf.TemplateEngine             : [THYMELEAF][http-nio-80-exec-5] Exception processing template "error/error": An error happened during template parsing (template: "class path resource [templates/error/error.html]")

org.thymeleaf.exceptions.TemplateInputException: An error happened during template parsing (template: "class path resource [templates/error/error.html]")
	at org.thymeleaf.templateparser.markup.AbstractMarkupTemplateParser.parse(AbstractMarkupTemplateParser.java:241) ~[thymeleaf-3.0.15.RELEASE.jar:3.0.15.RELEASE]
	at org.thymeleaf.templateparser.markup.AbstractMarkupTemplateParser.parseStandalone(AbstractMarkupTemplateParser.java:100) ~[thymeleaf-3.0.15.RELEASE.jar:3.0.15.RELEASE]
	at org.thymeleaf.engine.TemplateManager.parseAndProcess(TemplateManager.java:666) ~[thymeleaf-3.0.15.RELEASE.jar:3.0.15.RELEASE]
	at org.thymeleaf.TemplateEngine.process(TemplateEngine.java:1098) ~[thymeleaf-3.0.15.RELEASE.jar:3.0.15.RELEASE]
	at org.thymeleaf.TemplateEngine.process(TemplateEngine.java:1072) ~[thymeleaf-3.0.15.RELEASE.jar:3.0.15.RELEASE]
	at org.thymeleaf.spring5.view.ThymeleafView.renderFragment(ThymeleafView.java:366) ~[thymeleaf-spring5-3.0.15.RELEASE.jar:3.0.15.RELEASE]
	at org.thymeleaf.spring5.view.ThymeleafView.render(ThymeleafView.java:190) ~[thymeleaf-spring5-3.0.15.RELEASE.jar:3.0.15.RELEASE]
	at org.springframework.web.servlet.DispatcherServlet.render(DispatcherServlet.java:1405) ~[spring-webmvc-5.3.23.jar:5.3.23]
	at org.springframework.web.servlet.DispatcherServlet.processDispatchResult(DispatcherServlet.java:1149) ~[spring-webmvc-5.3.23.jar:5.3.23]
	at org.springframework.web.servlet.DispatcherServlet.doDispatch(DispatcherServlet.java:1088) ~[spring-webmvc-5.3.23.jar:5.3.23]
	at org.springframework.web.servlet.DispatcherServlet.doService(DispatcherServlet.java:964) ~[spring-webmvc-5.3.23.jar:5.3.23]
	at org.springframework.web.servlet.FrameworkServlet.processRequest(FrameworkServlet.java:1006) ~[spring-webmvc-5.3.23.jar:5.3.23]
	at org.springframework.web.servlet.FrameworkServlet.doGet(FrameworkServlet.java:898) ~[spring-webmvc-5.3.23.jar:5.3.23]
	at javax.servlet.http.HttpServlet.service(HttpServlet.java:655) ~[tomcat-embed-core-9.0.65.jar:4.0.FR]
	at org.springframework.web.servlet.FrameworkServlet.service(FrameworkServlet.java:883) ~[spring-webmvc-5.3.23.jar:5.3.23]
	at javax.servlet.http.HttpServlet.service(HttpServlet.java:764) ~[tomcat-embed-core-9.0.65.jar:4.0.FR]
	at org.apache.catalina.core.ApplicationFilterChain.internalDoFilter(ApplicationFilterChain.java:227) ~[tomcat-embed-core-9.0.65.jar:9.0.65]
	at org.apache.catalina.core.ApplicationFilterChain.doFilter(ApplicationFilterChain.java:162) ~[tomcat-embed-core-9.0.65.jar:9.0.65]
	at org.apache.tomcat.websocket.server.WsFilter.doFilter(WsFilter.java:53) ~[tomcat-embed-websocket-9.0.65.jar:9.0.65]
	at org.apache.catalina.core.ApplicationFilterChain.internalDoFilter(ApplicationFilterChain.java:189) ~[tomcat-embed-core-9.0.65.jar:9.0.65]
	at org.apache.catalina.core.ApplicationFilterChain.doFilter(ApplicationFilterChain.java:162) ~[tomcat-embed-core-9.0.65.jar:9.0.65]
	at org.springframework.web.filter.RequestContextFilter.doFilterInternal(RequestContextFilter.java:100) ~[spring-web-5.3.23.jar:5.3.23]
	at org.springframework.web.filter.OncePerRequestFilter.doFilter(OncePerRequestFilter.java:117) ~[spring-web-5.3.23.jar:5.3.23]
	at org.apache.catalina.core.ApplicationFilterChain.internalDoFilter(ApplicationFilterChain.java:189) ~[tomcat-embed-core-9.0.65.jar:9.0.65]
	at org.apache.catalina.core.ApplicationFilterChain.doFilter(ApplicationFilterChain.java:162) ~[tomcat-embed-core-9.0.65.jar:9.0.65]
	at org.springframework.web.filter.FormContentFilter.doFilterInternal(FormContentFilter.java:93) ~[spring-web-5.3.23.jar:5.3.23]
	at org.springframework.web.filter.OncePerRequestFilter.doFilter(OncePerRequestFilter.java:117) ~[spring-web-5.3.23.jar:5.3.23]
	at org.apache.catalina.core.ApplicationFilterChain.internalDoFilter(ApplicationFilterChain.java:189) ~[tomcat-embed-core-9.0.65.jar:9.0.65]
	at org.apache.catalina.core.ApplicationFilterChain.doFilter(ApplicationFilterChain.java:162) ~[tomcat-embed-core-9.0.65.jar:9.0.65]
	at org.springframework.web.filter.CharacterEncodingFilter.doFilterInternal(CharacterEncodingFilter.java:201) ~[spring-web-5.3.23.jar:5.3.23]
	at org.springframework.web.filter.OncePerRequestFilter.doFilter(OncePerRequestFilter.java:117) ~[spring-web-5.3.23.jar:5.3.23]
	at org.apache.catalina.core.ApplicationFilterChain.internalDoFilter(ApplicationFilterChain.java:189) ~[tomcat-embed-core-9.0.65.jar:9.0.65]
	at org.apache.catalina.core.ApplicationFilterChain.doFilter(ApplicationFilterChain.java:162) ~[tomcat-embed-core-9.0.65.jar:9.0.65]
	at org.apache.catalina.core.StandardWrapperValve.invoke(StandardWrapperValve.java:197) ~[tomcat-embed-core-9.0.65.jar:9.0.65]
	at org.apache.catalina.core.StandardContextValve.invoke(StandardContextValve.java:97) ~[tomcat-embed-core-9.0.65.jar:9.0.65]
	at org.apache.catalina.authenticator.AuthenticatorBase.invoke(AuthenticatorBase.java:541) ~[tomcat-embed-core-9.0.65.jar:9.0.65]
	at org.apache.catalina.core.StandardHostValve.invoke(StandardHostValve.java:135) ~[tomcat-embed-core-9.0.65.jar:9.0.65]
	at org.apache.catalina.valves.ErrorReportValve.invoke(ErrorReportValve.java:92) ~[tomcat-embed-core-9.0.65.jar:9.0.65]
	at org.apache.catalina.core.StandardEngineValve.invoke(StandardEngineValve.java:78) ~[tomcat-embed-core-9.0.65.jar:9.0.65]
	at org.apache.catalina.connector.CoyoteAdapter.service(CoyoteAdapter.java:360) ~[tomcat-embed-core-9.0.65.jar:9.0.65]
	at org.apache.coyote.http11.Http11Processor.service(Http11Processor.java:399) ~[tomcat-embed-core-9.0.65.jar:9.0.65]
	at org.apache.coyote.AbstractProcessorLight.process(AbstractProcessorLight.java:65) ~[tomcat-embed-core-9.0.65.jar:9.0.65]
	at org.apache.coyote.AbstractProtocol$ConnectionHandler.process(AbstractProtocol.java:890) ~[tomcat-embed-core-9.0.65.jar:9.0.65]
	at org.apache.tomcat.util.net.NioEndpoint$SocketProcessor.doRun(NioEndpoint.java:1789) ~[tomcat-embed-core-9.0.65.jar:9.0.65]
	at org.apache.tomcat.util.net.SocketProcessorBase.run(SocketProcessorBase.java:49) ~[tomcat-embed-core-9.0.65.jar:9.0.65]
	at org.apache.tomcat.util.threads.ThreadPoolExecutor.runWorker(ThreadPoolExecutor.java:1191) ~[tomcat-embed-core-9.0.65.jar:9.0.65]
	at org.apache.tomcat.util.threads.ThreadPoolExecutor$Worker.run(ThreadPoolExecutor.java:659) ~[tomcat-embed-core-9.0.65.jar:9.0.65]
	at org.apache.tomcat.util.threads.TaskThread$WrappingRunnable.run(TaskThread.java:61) ~[tomcat-embed-core-9.0.65.jar:9.0.65]
	at java.base/java.lang.Thread.run(Thread.java:834) ~[na:na]
Caused by: org.attoparser.ParseException: Attribute name cannot be null or empty
	at org.attoparser.MarkupParser.parseDocument(MarkupParser.java:393) ~[attoparser-2.0.5.RELEASE.jar:2.0.5.RELEASE]
	at org.attoparser.MarkupParser.parse(MarkupParser.java:257) ~[attoparser-2.0.5.RELEASE.jar:2.0.5.RELEASE]
	at org.thymeleaf.templateparser.markup.AbstractMarkupTemplateParser.parse(AbstractMarkupTemplateParser.java:230) ~[thymeleaf-3.0.15.RELEASE.jar:3.0.15.RELEASE]
	... 48 common frames omitted
Caused by: java.lang.IllegalArgumentException: Attribute name cannot be null or empty
	at org.thymeleaf.engine.AttributeName.<init>(AttributeName.java:51) ~[thymeleaf-3.0.15.RELEASE.jar:3.0.15.RELEASE]
	at org.thymeleaf.engine.HTMLAttributeName.<init>(HTMLAttributeName.java:76) ~[thymeleaf-3.0.15.RELEASE.jar:3.0.15.RELEASE]
	at org.thymeleaf.engine.HTMLAttributeName.forName(HTMLAttributeName.java:63) ~[thymeleaf-3.0.15.RELEASE.jar:3.0.15.RELEASE]
	at org.thymeleaf.engine.AttributeNames.buildHTMLAttributeName(AttributeNames.java:292) ~[thymeleaf-3.0.15.RELEASE.jar:3.0.15.RELEASE]
	at org.thymeleaf.engine.AttributeNames.access$300(AttributeNames.java:37) ~[thymeleaf-3.0.15.RELEASE.jar:3.0.15.RELEASE]
	at org.thymeleaf.engine.AttributeNames$AttributeNamesRepository.storeAttribute(AttributeNames.java:693) ~[thymeleaf-3.0.15.RELEASE.jar:3.0.15.RELEASE]
	at org.thymeleaf.engine.AttributeNames$AttributeNamesRepository.getAttribute(AttributeNames.java:607) ~[thymeleaf-3.0.15.RELEASE.jar:3.0.15.RELEASE]
	at org.thymeleaf.engine.AttributeNames.forHTMLName(AttributeNames.java:480) ~[thymeleaf-3.0.15.RELEASE.jar:3.0.15.RELEASE]
	at org.thymeleaf.engine.AttributeDefinitions$AttributeDefinitionRepository.storeAttribute(AttributeDefinitions.java:788) ~[thymeleaf-3.0.15.RELEASE.jar:3.0.15.RELEASE]
	at org.thymeleaf.engine.AttributeDefinitions$AttributeDefinitionRepository.getAttribute(AttributeDefinitions.java:677) ~[thymeleaf-3.0.15.RELEASE.jar:3.0.15.RELEASE]
	at org.thymeleaf.engine.AttributeDefinitions.forHTMLName(AttributeDefinitions.java:405) ~[thymeleaf-3.0.15.RELEASE.jar:3.0.15.RELEASE]
	at org.thymeleaf.engine.AttributeDefinitions.forName(AttributeDefinitions.java:336) ~[thymeleaf-3.0.15.RELEASE.jar:3.0.15.RELEASE]
	at org.thymeleaf.engine.TemplateHandlerAdapterMarkupHandler.handleAttribute(TemplateHandlerAdapterMarkupHandler.java:492) ~[thymeleaf-3.0.15.RELEASE.jar:3.0.15.RELEASE]
	at org.thymeleaf.templateparser.markup.InlinedOutputExpressionMarkupHandler$InlineMarkupAdapterPreProcessorHandler.handleAttribute(InlinedOutputExpressionMarkupHandler.java:360) ~[thymeleaf-3.0.15.RELEASE.jar:3.0.15.RELEASE]
	at org.thymeleaf.standard.inline.OutputExpressionInlinePreProcessorHandler.handleAttribute(OutputExpressionInlinePreProcessorHandler.java:260) ~[thymeleaf-3.0.15.RELEASE.jar:3.0.15.RELEASE]
	at org.thymeleaf.templateparser.markup.InlinedOutputExpressionMarkupHandler.handleAttribute(InlinedOutputExpressionMarkupHandler.java:205) ~[thymeleaf-3.0.15.RELEASE.jar:3.0.15.RELEASE]
	at org.attoparser.HtmlElement.handleAttribute(HtmlElement.java:250) ~[attoparser-2.0.5.RELEASE.jar:2.0.5.RELEASE]
	at org.attoparser.HtmlMarkupHandler.handleAttribute(HtmlMarkupHandler.java:529) ~[attoparser-2.0.5.RELEASE.jar:2.0.5.RELEASE]
	at org.attoparser.MarkupEventProcessorHandler.handleAttribute(MarkupEventProcessorHandler.java:593) ~[attoparser-2.0.5.RELEASE.jar:2.0.5.RELEASE]
	at org.attoparser.ParsingAttributeSequenceUtil.parseAttributeSequence(ParsingAttributeSequenceUtil.java:220) ~[attoparser-2.0.5.RELEASE.jar:2.0.5.RELEASE]
	at org.attoparser.ParsingElementMarkupUtil.parseOpenElement(ParsingElementMarkupUtil.java:153) ~[attoparser-2.0.5.RELEASE.jar:2.0.5.RELEASE]
	at org.attoparser.MarkupParser.parseBuffer(MarkupParser.java:710) ~[attoparser-2.0.5.RELEASE.jar:2.0.5.RELEASE]
	at org.attoparser.MarkupParser.parseDocument(MarkupParser.java:301) ~[attoparser-2.0.5.RELEASE.jar:2.0.5.RELEASE]
	... 50 common frames omitted

2022-09-29 11:12:21.653 ERROR 4884 --- [http-nio-80-exec-5] o.a.c.c.C.[.[.[/].[dispatcherServlet]    : Servlet.service() for servlet [dispatcherServlet] in context with path [] threw exception [Request processing failed; nested exception is org.thymeleaf.exceptions.TemplateInputException: An error happened during template parsing (template: "class path resource [templates/error/error.html]")] with root cause

java.lang.IllegalArgumentException: Attribute name cannot be null or empty
	at org.thymeleaf.engine.AttributeName.<init>(AttributeName.java:51) ~[thymeleaf-3.0.15.RELEASE.jar:3.0.15.RELEASE]
	at org.thymeleaf.engine.HTMLAttributeName.<init>(HTMLAttributeName.java:76) ~[thymeleaf-3.0.15.RELEASE.jar:3.0.15.RELEASE]
	at org.thymeleaf.engine.HTMLAttributeName.forName(HTMLAttributeName.java:63) ~[thymeleaf-3.0.15.RELEASE.jar:3.0.15.RELEASE]
	at org.thymeleaf.engine.AttributeNames.buildHTMLAttributeName(AttributeNames.java:292) ~[thymeleaf-3.0.15.RELEASE.jar:3.0.15.RELEASE]
	at org.thymeleaf.engine.AttributeNames.access$300(AttributeNames.java:37) ~[thymeleaf-3.0.15.RELEASE.jar:3.0.15.RELEASE]
	at org.thymeleaf.engine.AttributeNames$AttributeNamesRepository.storeAttribute(AttributeNames.java:693) ~[thymeleaf-3.0.15.RELEASE.jar:3.0.15.RELEASE]
	at org.thymeleaf.engine.AttributeNames$AttributeNamesRepository.getAttribute(AttributeNames.java:607) ~[thymeleaf-3.0.15.RELEASE.jar:3.0.15.RELEASE]
	at org.thymeleaf.engine.AttributeNames.forHTMLName(AttributeNames.java:480) ~[thymeleaf-3.0.15.RELEASE.jar:3.0.15.RELEASE]
	at org.thymeleaf.engine.AttributeDefinitions$AttributeDefinitionRepository.storeAttribute(AttributeDefinitions.java:788) ~[thymeleaf-3.0.15.RELEASE.jar:3.0.15.RELEASE]
	at org.thymeleaf.engine.AttributeDefinitions$AttributeDefinitionRepository.getAttribute(AttributeDefinitions.java:677) ~[thymeleaf-3.0.15.RELEASE.jar:3.0.15.RELEASE]
	at org.thymeleaf.engine.AttributeDefinitions.forHTMLName(AttributeDefinitions.java:405) ~[thymeleaf-3.0.15.RELEASE.jar:3.0.15.RELEASE]
	at org.thymeleaf.engine.AttributeDefinitions.forName(AttributeDefinitions.java:336) ~[thymeleaf-3.0.15.RELEASE.jar:3.0.15.RELEASE]
	at org.thymeleaf.engine.TemplateHandlerAdapterMarkupHandler.handleAttribute(TemplateHandlerAdapterMarkupHandler.java:492) ~[thymeleaf-3.0.15.RELEASE.jar:3.0.15.RELEASE]
	at org.thymeleaf.templateparser.markup.InlinedOutputExpressionMarkupHandler$InlineMarkupAdapterPreProcessorHandler.handleAttribute(InlinedOutputExpressionMarkupHandler.java:360) ~[thymeleaf-3.0.15.RELEASE.jar:3.0.15.RELEASE]
	at org.thymeleaf.standard.inline.OutputExpressionInlinePreProcessorHandler.handleAttribute(OutputExpressionInlinePreProcessorHandler.java:260) ~[thymeleaf-3.0.15.RELEASE.jar:3.0.15.RELEASE]
	at org.thymeleaf.templateparser.markup.InlinedOutputExpressionMarkupHandler.handleAttribute(InlinedOutputExpressionMarkupHandler.java:205) ~[thymeleaf-3.0.15.RELEASE.jar:3.0.15.RELEASE]
	at org.attoparser.HtmlElement.handleAttribute(HtmlElement.java:250) ~[attoparser-2.0.5.RELEASE.jar:2.0.5.RELEASE]
	at org.attoparser.HtmlMarkupHandler.handleAttribute(HtmlMarkupHandler.java:529) ~[attoparser-2.0.5.RELEASE.jar:2.0.5.RELEASE]
	at org.attoparser.MarkupEventProcessorHandler.handleAttribute(MarkupEventProcessorHandler.java:593) ~[attoparser-2.0.5.RELEASE.jar:2.0.5.RELEASE]
	at org.attoparser.ParsingAttributeSequenceUtil.parseAttributeSequence(ParsingAttributeSequenceUtil.java:220) ~[attoparser-2.0.5.RELEASE.jar:2.0.5.RELEASE]
	at org.attoparser.ParsingElementMarkupUtil.parseOpenElement(ParsingElementMarkupUtil.java:153) ~[attoparser-2.0.5.RELEASE.jar:2.0.5.RELEASE]
	at org.attoparser.MarkupParser.parseBuffer(MarkupParser.java:710) ~[attoparser-2.0.5.RELEASE.jar:2.0.5.RELEASE]
	at org.attoparser.MarkupParser.parseDocument(MarkupParser.java:301) ~[attoparser-2.0.5.RELEASE.jar:2.0.5.RELEASE]
	at org.attoparser.MarkupParser.parse(MarkupParser.java:257) ~[attoparser-2.0.5.RELEASE.jar:2.0.5.RELEASE]
	at org.thymeleaf.templateparser.markup.AbstractMarkupTemplateParser.parse(AbstractMarkupTemplateParser.java:230) ~[thymeleaf-3.0.15.RELEASE.jar:3.0.15.RELEASE]
	at org.thymeleaf.templateparser.markup.AbstractMarkupTemplateParser.parseStandalone(AbstractMarkupTemplateParser.java:100) ~[thymeleaf-3.0.15.RELEASE.jar:3.0.15.RELEASE]
	at org.thymeleaf.engine.TemplateManager.parseAndProcess(TemplateManager.java:666) ~[thymeleaf-3.0.15.RELEASE.jar:3.0.15.RELEASE]
	at org.thymeleaf.TemplateEngine.process(TemplateEngine.java:1098) ~[thymeleaf-3.0.15.RELEASE.jar:3.0.15.RELEASE]
	at org.thymeleaf.TemplateEngine.process(TemplateEngine.java:1072) ~[thymeleaf-3.0.15.RELEASE.jar:3.0.15.RELEASE]
	at org.thymeleaf.spring5.view.ThymeleafView.renderFragment(ThymeleafView.java:366) ~[thymeleaf-spring5-3.0.15.RELEASE.jar:3.0.15.RELEASE]
	at org.thymeleaf.spring5.view.ThymeleafView.render(ThymeleafView.java:190) ~[thymeleaf-spring5-3.0.15.RELEASE.jar:3.0.15.RELEASE]
	at org.springframework.web.servlet.DispatcherServlet.render(DispatcherServlet.java:1405) ~[spring-webmvc-5.3.23.jar:5.3.23]
	at org.springframework.web.servlet.DispatcherServlet.processDispatchResult(DispatcherServlet.java:1149) ~[spring-webmvc-5.3.23.jar:5.3.23]
	at org.springframework.web.servlet.DispatcherServlet.doDispatch(DispatcherServlet.java:1088) ~[spring-webmvc-5.3.23.jar:5.3.23]
	at org.springframework.web.servlet.DispatcherServlet.doService(DispatcherServlet.java:964) ~[spring-webmvc-5.3.23.jar:5.3.23]
	at org.springframework.web.servlet.FrameworkServlet.processRequest(FrameworkServlet.java:1006) ~[spring-webmvc-5.3.23.jar:5.3.23]
	at org.springframework.web.servlet.FrameworkServlet.doGet(FrameworkServlet.java:898) ~[spring-webmvc-5.3.23.jar:5.3.23]
	at javax.servlet.http.HttpServlet.service(HttpServlet.java:655) ~[tomcat-embed-core-9.0.65.jar:4.0.FR]
	at org.springframework.web.servlet.FrameworkServlet.service(FrameworkServlet.java:883) ~[spring-webmvc-5.3.23.jar:5.3.23]
	at javax.servlet.http.HttpServlet.service(HttpServlet.java:764) ~[tomcat-embed-core-9.0.65.jar:4.0.FR]
	at org.apache.catalina.core.ApplicationFilterChain.internalDoFilter(ApplicationFilterChain.java:227) ~[tomcat-embed-core-9.0.65.jar:9.0.65]
	at org.apache.catalina.core.ApplicationFilterChain.doFilter(ApplicationFilterChain.java:162) ~[tomcat-embed-core-9.0.65.jar:9.0.65]
	at org.apache.tomcat.websocket.server.WsFilter.doFilter(WsFilter.java:53) ~[tomcat-embed-websocket-9.0.65.jar:9.0.65]
	at org.apache.catalina.core.ApplicationFilterChain.internalDoFilter(ApplicationFilterChain.java:189) ~[tomcat-embed-core-9.0.65.jar:9.0.65]
	at org.apache.catalina.core.ApplicationFilterChain.doFilter(ApplicationFilterChain.java:162) ~[tomcat-embed-core-9.0.65.jar:9.0.65]
	at org.springframework.web.filter.RequestContextFilter.doFilterInternal(RequestContextFilter.java:100) ~[spring-web-5.3.23.jar:5.3.23]
	at org.springframework.web.filter.OncePerRequestFilter.doFilter(OncePerRequestFilter.java:117) ~[spring-web-5.3.23.jar:5.3.23]
	at org.apache.catalina.core.ApplicationFilterChain.internalDoFilter(ApplicationFilterChain.java:189) ~[tomcat-embed-core-9.0.65.jar:9.0.65]
	at org.apache.catalina.core.ApplicationFilterChain.doFilter(ApplicationFilterChain.java:162) ~[tomcat-embed-core-9.0.65.jar:9.0.65]
	at org.springframework.web.filter.FormContentFilter.doFilterInternal(FormContentFilter.java:93) ~[spring-web-5.3.23.jar:5.3.23]
	at org.springframework.web.filter.OncePerRequestFilter.doFilter(OncePerRequestFilter.java:117) ~[spring-web-5.3.23.jar:5.3.23]
	at org.apache.catalina.core.ApplicationFilterChain.internalDoFilter(ApplicationFilterChain.java:189) ~[tomcat-embed-core-9.0.65.jar:9.0.65]
	at org.apache.catalina.core.ApplicationFilterChain.doFilter(ApplicationFilterChain.java:162) ~[tomcat-embed-core-9.0.65.jar:9.0.65]
	at org.springframework.web.filter.CharacterEncodingFilter.doFilterInternal(CharacterEncodingFilter.java:201) ~[spring-web-5.3.23.jar:5.3.23]
	at org.springframework.web.filter.OncePerRequestFilter.doFilter(OncePerRequestFilter.java:117) ~[spring-web-5.3.23.jar:5.3.23]
	at org.apache.catalina.core.ApplicationFilterChain.internalDoFilter(ApplicationFilterChain.java:189) ~[tomcat-embed-core-9.0.65.jar:9.0.65]
	at org.apache.catalina.core.ApplicationFilterChain.doFilter(ApplicationFilterChain.java:162) ~[tomcat-embed-core-9.0.65.jar:9.0.65]
	at org.apache.catalina.core.StandardWrapperValve.invoke(StandardWrapperValve.java:197) ~[tomcat-embed-core-9.0.65.jar:9.0.65]
	at org.apache.catalina.core.StandardContextValve.invoke(StandardContextValve.java:97) ~[tomcat-embed-core-9.0.65.jar:9.0.65]
	at org.apache.catalina.authenticator.AuthenticatorBase.invoke(AuthenticatorBase.java:541) ~[tomcat-embed-core-9.0.65.jar:9.0.65]
	at org.apache.catalina.core.StandardHostValve.invoke(StandardHostValve.java:135) ~[tomcat-embed-core-9.0.65.jar:9.0.65]
	at org.apache.catalina.valves.ErrorReportValve.invoke(ErrorReportValve.java:92) ~[tomcat-embed-core-9.0.65.jar:9.0.65]
	at org.apache.catalina.core.StandardEngineValve.invoke(StandardEngineValve.java:78) ~[tomcat-embed-core-9.0.65.jar:9.0.65]
	at org.apache.catalina.connector.CoyoteAdapter.service(CoyoteAdapter.java:360) ~[tomcat-embed-core-9.0.65.jar:9.0.65]
	at org.apache.coyote.http11.Http11Processor.service(Http11Processor.java:399) ~[tomcat-embed-core-9.0.65.jar:9.0.65]
	at org.apache.coyote.AbstractProcessorLight.process(AbstractProcessorLight.java:65) ~[tomcat-embed-core-9.0.65.jar:9.0.65]
	at org.apache.coyote.AbstractProtocol$ConnectionHandler.process(AbstractProtocol.java:890) ~[tomcat-embed-core-9.0.65.jar:9.0.65]
	at org.apache.tomcat.util.net.NioEndpoint$SocketProcessor.doRun(NioEndpoint.java:1789) ~[tomcat-embed-core-9.0.65.jar:9.0.65]
	at org.apache.tomcat.util.net.SocketProcessorBase.run(SocketProcessorBase.java:49) ~[tomcat-embed-core-9.0.65.jar:9.0.65]
	at org.apache.tomcat.util.threads.ThreadPoolExecutor.runWorker(ThreadPoolExecutor.java:1191) ~[tomcat-embed-core-9.0.65.jar:9.0.65]
	at org.apache.tomcat.util.threads.ThreadPoolExecutor$Worker.run(ThreadPoolExecutor.java:659) ~[tomcat-embed-core-9.0.65.jar:9.0.65]
	at org.apache.tomcat.util.threads.TaskThread$WrappingRunnable.run(TaskThread.java:61) ~[tomcat-embed-core-9.0.65.jar:9.0.65]
	at java.base/java.lang.Thread.run(Thread.java:834) ~[na:na]

2022-09-29 11:13:17.250  INFO 4884 --- [http-nio-80-exec-8] com.cczj.blog.aspect.LogAspects          : Request : {url='http://localhost/', ip='0:0:0:0:0:0:0:1', classMethod='com.cczj.blog.controller.IndexController.index', args=[Page request [number: 0, size 8, sort: updateTime: DESC], org.apache.catalina.session.StandardSessionFacade@25dc2752, {}]}
2022-09-29 11:13:17.920  INFO 4884 --- [http-nio-80-exec-8] com.cczj.blog.aspect.LogAspects          : Result : index
2022-09-29 11:13:18.400  INFO 4884 --- [http-nio-80-exec-5] com.cczj.blog.aspect.LogAspects          : Request : {url='http://localhost/footer/newBlog', ip='0:0:0:0:0:0:0:1', classMethod='com.cczj.blog.controller.IndexController.newBlogs', args=[{}]}
2022-09-29 11:13:18.573  INFO 4884 --- [http-nio-80-exec-5] com.cczj.blog.aspect.LogAspects          : Result : commons :: newBlogList
2022-09-29 11:15:39.539  INFO 4884 --- [http-nio-80-exec-1] com.cczj.blog.aspect.LogAspects          : Request : {url='http://localhost/', ip='0:0:0:0:0:0:0:1', classMethod='com.cczj.blog.controller.IndexController.index', args=[Page request [number: 0, size 8, sort: updateTime: DESC], org.apache.catalina.session.StandardSessionFacade@25dc2752, {}]}
2022-09-29 11:15:40.153  INFO 4884 --- [http-nio-80-exec-1] com.cczj.blog.aspect.LogAspects          : Result : index
2022-09-29 11:15:41.082  INFO 4884 --- [http-nio-80-exec-6] com.cczj.blog.aspect.LogAspects          : Request : {url='http://localhost/footer/newBlog', ip='0:0:0:0:0:0:0:1', classMethod='com.cczj.blog.controller.IndexController.newBlogs', args=[{}]}
2022-09-29 11:15:41.245  INFO 4884 --- [http-nio-80-exec-6] com.cczj.blog.aspect.LogAspects          : Result : commons :: newBlogList
2022-09-29 11:17:46.213  INFO 4884 --- [http-nio-80-exec-3] com.cczj.blog.aspect.LogAspects          : Request : {url='http://localhost/', ip='0:0:0:0:0:0:0:1', classMethod='com.cczj.blog.controller.IndexController.index', args=[Page request [number: 0, size 8, sort: updateTime: DESC], org.apache.catalina.session.StandardSessionFacade@25dc2752, {}]}
2022-09-29 11:17:46.829  INFO 4884 --- [http-nio-80-exec-3] com.cczj.blog.aspect.LogAspects          : Result : index
2022-09-29 11:17:47.288  INFO 4884 --- [http-nio-80-exec-5] com.cczj.blog.aspect.LogAspects          : Request : {url='http://localhost/footer/newBlog', ip='0:0:0:0:0:0:0:1', classMethod='com.cczj.blog.controller.IndexController.newBlogs', args=[{}]}
2022-09-29 11:17:47.455  INFO 4884 --- [http-nio-80-exec-5] com.cczj.blog.aspect.LogAspects          : Result : commons :: newBlogList
2022-09-29 11:21:59.817  INFO 4884 --- [http-nio-80-exec-10] com.cczj.blog.aspect.LogAspects          : Request : {url='http://localhost/', ip='0:0:0:0:0:0:0:1', classMethod='com.cczj.blog.controller.IndexController.index', args=[Page request [number: 0, size 8, sort: updateTime: DESC], org.apache.catalina.session.StandardSessionFacade@25dc2752, {}]}
2022-09-29 11:22:00.448  INFO 4884 --- [http-nio-80-exec-10] com.cczj.blog.aspect.LogAspects          : Result : index
2022-09-29 11:22:00.910  INFO 4884 --- [http-nio-80-exec-3] com.cczj.blog.aspect.LogAspects          : Request : {url='http://localhost/footer/newBlog', ip='0:0:0:0:0:0:0:1', classMethod='com.cczj.blog.controller.IndexController.newBlogs', args=[{}]}
2022-09-29 11:22:01.075  INFO 4884 --- [http-nio-80-exec-3] com.cczj.blog.aspect.LogAspects          : Result : commons :: newBlogList
2022-09-29 11:23:11.865  INFO 4884 --- [http-nio-80-exec-8] com.cczj.blog.aspect.LogAspects          : Request : {url='http://localhost/', ip='0:0:0:0:0:0:0:1', classMethod='com.cczj.blog.controller.IndexController.index', args=[Page request [number: 0, size 8, sort: updateTime: DESC], org.apache.catalina.session.StandardSessionFacade@25dc2752, {}]}
2022-09-29 11:23:12.477  INFO 4884 --- [http-nio-80-exec-8] com.cczj.blog.aspect.LogAspects          : Result : index
2022-09-29 11:23:12.939  INFO 4884 --- [http-nio-80-exec-2] com.cczj.blog.aspect.LogAspects          : Request : {url='http://localhost/footer/newBlog', ip='0:0:0:0:0:0:0:1', classMethod='com.cczj.blog.controller.IndexController.newBlogs', args=[{}]}
2022-09-29 11:23:13.100  INFO 4884 --- [http-nio-80-exec-2] com.cczj.blog.aspect.LogAspects          : Result : commons :: newBlogList
2022-09-29 11:23:29.575  INFO 4884 --- [http-nio-80-exec-8] com.cczj.blog.aspect.LogAspects          : Request : {url='http://localhost/', ip='0:0:0:0:0:0:0:1', classMethod='com.cczj.blog.controller.IndexController.index', args=[Page request [number: 0, size 8, sort: updateTime: DESC], org.apache.catalina.session.StandardSessionFacade@25dc2752, {}]}
2022-09-29 11:23:30.194  INFO 4884 --- [http-nio-80-exec-8] com.cczj.blog.aspect.LogAspects          : Result : index
2022-09-29 11:23:30.663  INFO 4884 --- [http-nio-80-exec-2] com.cczj.blog.aspect.LogAspects          : Request : {url='http://localhost/footer/newBlog', ip='0:0:0:0:0:0:0:1', classMethod='com.cczj.blog.controller.IndexController.newBlogs', args=[{}]}
2022-09-29 11:23:30.832  INFO 4884 --- [http-nio-80-exec-2] com.cczj.blog.aspect.LogAspects          : Result : commons :: newBlogList
2022-09-29 11:23:44.836  INFO 4884 --- [http-nio-80-exec-4] com.cczj.blog.aspect.LogAspects          : Request : {url='http://localhost/', ip='0:0:0:0:0:0:0:1', classMethod='com.cczj.blog.controller.IndexController.index', args=[Page request [number: 0, size 8, sort: updateTime: DESC], org.apache.catalina.session.StandardSessionFacade@25dc2752, {}]}
2022-09-29 11:23:45.463  INFO 4884 --- [http-nio-80-exec-4] com.cczj.blog.aspect.LogAspects          : Result : index
2022-09-29 11:23:46.193  INFO 4884 --- [http-nio-80-exec-1] com.cczj.blog.aspect.LogAspects          : Request : {url='http://localhost/footer/newBlog', ip='0:0:0:0:0:0:0:1', classMethod='com.cczj.blog.controller.IndexController.newBlogs', args=[{}]}
2022-09-29 11:23:46.361  INFO 4884 --- [http-nio-80-exec-1] com.cczj.blog.aspect.LogAspects          : Result : commons :: newBlogList
2022-09-29 11:24:07.841  INFO 4884 --- [http-nio-80-exec-8] com.cczj.blog.aspect.LogAspects          : Request : {url='http://localhost/', ip='0:0:0:0:0:0:0:1', classMethod='com.cczj.blog.controller.IndexController.index', args=[Page request [number: 0, size 8, sort: updateTime: DESC], org.apache.catalina.session.StandardSessionFacade@25dc2752, {}]}
2022-09-29 11:24:08.470  INFO 4884 --- [http-nio-80-exec-8] com.cczj.blog.aspect.LogAspects          : Result : index
2022-09-29 11:24:09.192  INFO 4884 --- [http-nio-80-exec-3] com.cczj.blog.aspect.LogAspects          : Request : {url='http://localhost/footer/newBlog', ip='0:0:0:0:0:0:0:1', classMethod='com.cczj.blog.controller.IndexController.newBlogs', args=[{}]}
2022-09-29 11:24:09.354  INFO 4884 --- [http-nio-80-exec-3] com.cczj.blog.aspect.LogAspects          : Result : commons :: newBlogList
2022-09-29 11:24:37.374  INFO 4884 --- [http-nio-80-exec-8] com.cczj.blog.aspect.LogAspects          : Request : {url='http://localhost/', ip='0:0:0:0:0:0:0:1', classMethod='com.cczj.blog.controller.IndexController.index', args=[Page request [number: 0, size 8, sort: updateTime: DESC], org.apache.catalina.session.StandardSessionFacade@25dc2752, {}]}
2022-09-29 11:24:37.991  INFO 4884 --- [http-nio-80-exec-8] com.cczj.blog.aspect.LogAspects          : Result : index
2022-09-29 11:24:38.456  INFO 4884 --- [http-nio-80-exec-4] com.cczj.blog.aspect.LogAspects          : Request : {url='http://localhost/footer/newBlog', ip='0:0:0:0:0:0:0:1', classMethod='com.cczj.blog.controller.IndexController.newBlogs', args=[{}]}
2022-09-29 11:24:38.621  INFO 4884 --- [http-nio-80-exec-4] com.cczj.blog.aspect.LogAspects          : Result : commons :: newBlogList
2022-09-29 12:47:03.434  INFO 4884 --- [http-nio-80-exec-9] com.cczj.blog.aspect.LogAspects          : Request : {url='http://localhost/', ip='0:0:0:0:0:0:0:1', classMethod='com.cczj.blog.controller.IndexController.index', args=[Page request [number: 0, size 8, sort: updateTime: DESC], org.apache.catalina.session.StandardSessionFacade@4a731f66, {}]}
2022-09-29 12:47:04.056  INFO 4884 --- [http-nio-80-exec-9] com.cczj.blog.aspect.LogAspects          : Result : index
2022-09-29 12:47:04.879  INFO 4884 --- [http-nio-80-exec-5] com.cczj.blog.aspect.LogAspects          : Request : {url='http://localhost/footer/newBlog', ip='0:0:0:0:0:0:0:1', classMethod='com.cczj.blog.controller.IndexController.newBlogs', args=[{}]}
2022-09-29 12:47:05.025  INFO 4884 --- [http-nio-80-exec-5] com.cczj.blog.aspect.LogAspects          : Result : commons :: newBlogList
2022-09-29 12:56:41.162  INFO 4884 --- [http-nio-80-exec-2] com.cczj.blog.aspect.LogAspects          : Request : {url='http://localhost/archives', ip='0:0:0:0:0:0:0:1', classMethod='com.cczj.blog.controller.ArchivesController.archives', args=[{}]}
2022-09-29 12:56:41.537  INFO 4884 --- [http-nio-80-exec-2] com.cczj.blog.aspect.LogAspects          : Result : archives
2022-09-29 12:56:41.790  INFO 4884 --- [http-nio-80-exec-7] com.cczj.blog.aspect.LogAspects          : Request : {url='http://localhost/footer/newBlog', ip='0:0:0:0:0:0:0:1', classMethod='com.cczj.blog.controller.IndexController.newBlogs', args=[{}]}
2022-09-29 12:56:41.936  INFO 4884 --- [http-nio-80-exec-7] com.cczj.blog.aspect.LogAspects          : Result : commons :: newBlogList
2022-09-29 12:56:46.561  INFO 4884 --- [http-nio-80-exec-6] com.cczj.blog.aspect.LogAspects          : Request : {url='http://localhost/types/-1', ip='0:0:0:0:0:0:0:1', classMethod='com.cczj.blog.controller.TypeController.types', args=[Page request [number: 0, size 8, sort: updateTime: DESC], -1, {}]}
2022-09-29 12:56:46.861  INFO 4884 --- [http-nio-80-exec-6] com.cczj.blog.aspect.LogAspects          : Result : types
2022-09-29 12:56:47.253  INFO 4884 --- [http-nio-80-exec-10] com.cczj.blog.aspect.LogAspects          : Request : {url='http://localhost/footer/newBlog', ip='0:0:0:0:0:0:0:1', classMethod='com.cczj.blog.controller.IndexController.newBlogs', args=[{}]}
2022-09-29 12:56:47.399  INFO 4884 --- [http-nio-80-exec-10] com.cczj.blog.aspect.LogAspects          : Result : commons :: newBlogList
2022-09-29 12:56:50.266  INFO 4884 --- [http-nio-80-exec-3] com.cczj.blog.aspect.LogAspects          : Request : {url='http://localhost/', ip='0:0:0:0:0:0:0:1', classMethod='com.cczj.blog.controller.IndexController.index', args=[Page request [number: 0, size 8, sort: updateTime: DESC], org.apache.catalina.session.StandardSessionFacade@4a731f66, {}]}
2022-09-29 12:56:50.820  INFO 4884 --- [http-nio-80-exec-3] com.cczj.blog.aspect.LogAspects          : Result : index
2022-09-29 12:56:51.263  INFO 4884 --- [http-nio-80-exec-8] com.cczj.blog.aspect.LogAspects          : Request : {url='http://localhost/footer/newBlog', ip='0:0:0:0:0:0:0:1', classMethod='com.cczj.blog.controller.IndexController.newBlogs', args=[{}]}
2022-09-29 12:56:51.410  INFO 4884 --- [http-nio-80-exec-8] com.cczj.blog.aspect.LogAspects          : Result : commons :: newBlogList
